Change Component Comment : Designator=D4 Old Comment=BZX585-C15,115 New Comment=BZX585-C3V3,115
Change Component Description : Designator=D4 Old Description=BZX585-C15,115 -  Zener Single Diode, 15 V, 300 mW, SOD-523, 5 %, 2 Pins, 150 °C New Description=BZX585-C3V3,115 -  Zener Single Diode, 15 V, 300 mW, SOD-523, 5 %, 2 Pins, 150 °C 
Change component parameters: Designator = "T2"; Footprint = "VMT6"; UniqueID = "\UNDBIPYY"
Change component parameters. Clean all parameters for all variants
Change component parameters (AddParameter): Name = "Author"; Value = "Ciril Golob"; VariantName = "[No Variations]"
Change component parameters (AddParameter): Name = "ComponentLink1Description"; Value = "Datasheet"; VariantName = "[No Variations]"
Change component parameters (AddParameter ignored because duplicated): Name = "ComponentLINK1Description"; Value = "Datasheet"; VariantName = "[No Variations]"
Change component parameters (AddParameter): Name = "ComponentLink1URL"; Value = "http://www.farnell.com/datasheets/2198041.pdf?_ga=2.191543850.1451481302.1563774341-1373726713.1554121096&_gac=1.95045230.1562763802.CjwKCAjwmZbpBRAGEiwADrmVXm8xT8OHDZvJe8qZIQyyGmIuiUD-TEITatw0hIdDkyBwIXXCH7oneRoCl7cQAvD_BwE"; VariantName = "[No Variations]"
Change component parameters (AddParameter ignored because duplicated): Name = "ComponentLINK1URL"; Value = "c:\ELRADSVN\Altium_Library\Libraries\Active\Datasheet\BSS123.pdf"; VariantName = "[No Variations]"
Change component parameters (AddParameter): Name = "ComponentLINK2Description"; Value = "Datasheet www"; VariantName = "[No Variations]"
Change component parameters (AddParameter): Name = "ComponentLINK2URL"; Value = "http://www.onsemi.com/pub/Collateral/BSS123-D.PDF"; VariantName = "[No Variations]"
Change component parameters (AddParameter): Name = "Date"; Value = "11.07.2018"; VariantName = "[No Variations]"
Change component parameters (AddParameter): Name = "ELRAD Id sifra / ELRAD Id No"; Value = "597778"; VariantName = "[No Variations]"
Change component parameters (AddParameter): Name = "FIT"; Value = "0.44"; VariantName = "[No Variations]"
Change component parameters (AddParameter): Name = "Komp / Device"; Value = "SMD"; VariantName = "[No Variations]"
Change component parameters (AddParameter): Name = "Manufacturer No"; Value = ""; VariantName = "[No Variations]"
Change component parameters (AddParameter): Name = "Opis / Description"; Value = "MOSFET BSS123       /N-Channel"; VariantName = "[No Variations]"
Change component parameters (AddParameter): Name = "Opomba / Remark"; Value = ""; VariantName = "[No Variations]"
Change component parameters (AddParameter): Name = "Supplier 1"; Value = "Farnell"; VariantName = "[No Variations]"
Change component parameters (AddParameter): Name = "Supplier Part Number 1"; Value = "2706721"; VariantName = "[No Variations]"
Change component parameters (AddParameter): Name = "Toleranca / Tolerance"; Value = ""; VariantName = "[No Variations]"
Change component parameters (AddParameter): Name = "Value"; Value = "BSS123"; VariantName = "[No Variations]"
Change component parameters (AddParameter): Name = "Velikost / Size"; Value = "SOT23"; VariantName = "[No Variations]"
Change component parameters: Designator = "T3"; Footprint = "VMT6"; UniqueID = "\POUPMBIJ\VXQVOJXM"
Change component parameters. Clean all parameters for all variants
Change component parameters (AddParameter): Name = "Author"; Value = "Ciril Golob"; VariantName = "[No Variations]"
Change component parameters (AddParameter): Name = "ComponentLink1Description"; Value = "Datasheet"; VariantName = "[No Variations]"
Change component parameters (AddParameter ignored because duplicated): Name = "ComponentLINK1Description"; Value = "Datasheet"; VariantName = "[No Variations]"
Change component parameters (AddParameter): Name = "ComponentLink1URL"; Value = "http://www.farnell.com/datasheets/2198041.pdf?_ga=2.191543850.1451481302.1563774341-1373726713.1554121096&_gac=1.95045230.1562763802.CjwKCAjwmZbpBRAGEiwADrmVXm8xT8OHDZvJe8qZIQyyGmIuiUD-TEITatw0hIdDkyBwIXXCH7oneRoCl7cQAvD_BwE"; VariantName = "[No Variations]"
Change component parameters (AddParameter ignored because duplicated): Name = "ComponentLINK1URL"; Value = "c:\ELRADSVN\Altium_Library\Libraries\Active\Datasheet\BSS123.pdf"; VariantName = "[No Variations]"
Change component parameters (AddParameter): Name = "ComponentLINK2Description"; Value = "Datasheet www"; VariantName = "[No Variations]"
Change component parameters (AddParameter): Name = "ComponentLINK2URL"; Value = "http://www.onsemi.com/pub/Collateral/BSS123-D.PDF"; VariantName = "[No Variations]"
Change component parameters (AddParameter): Name = "Date"; Value = "11.07.2018"; VariantName = "[No Variations]"
Change component parameters (AddParameter): Name = "ELRAD Id sifra / ELRAD Id No"; Value = "597778"; VariantName = "[No Variations]"
Change component parameters (AddParameter): Name = "FIT"; Value = "0.44"; VariantName = "[No Variations]"
Change component parameters (AddParameter): Name = "Komp / Device"; Value = "SMD"; VariantName = "[No Variations]"
Change component parameters (AddParameter): Name = "Manufacturer No"; Value = ""; VariantName = "[No Variations]"
Change component parameters (AddParameter): Name = "Opis / Description"; Value = "MOSFET BSS123       /N-Channel"; VariantName = "[No Variations]"
Change component parameters (AddParameter): Name = "Opomba / Remark"; Value = ""; VariantName = "[No Variations]"
Change component parameters (AddParameter): Name = "Supplier 1"; Value = "Farnell"; VariantName = "[No Variations]"
Change component parameters (AddParameter): Name = "Supplier Part Number 1"; Value = "2706721"; VariantName = "[No Variations]"
Change component parameters (AddParameter): Name = "Toleranca / Tolerance"; Value = ""; VariantName = "[No Variations]"
Change component parameters (AddParameter): Name = "Value"; Value = "BSS123"; VariantName = "[No Variations]"
Change component parameters (AddParameter): Name = "Velikost / Size"; Value = "SOT23"; VariantName = "[No Variations]"
Change component parameters: Designator = "T4"; Footprint = "SOT23-3AL"; UniqueID = "\UYMNCRWJ\GENNHTQI"
Change component parameters. Clean all parameters for all variants
Change component parameters (AddParameter): Name = "Author"; Value = "Ciril Golob"; VariantName = "[No Variations]"
Change component parameters (AddParameter): Name = "ComponentLINK1Description"; Value = "Datasheet"; VariantName = "[No Variations]"
Change component parameters (AddParameter ignored because duplicated): Name = "ComponentLink1Description"; Value = "Datasheet"; VariantName = "[No Variations]"
Change component parameters (AddParameter): Name = "ComponentLINK1URL"; Value = "c:\ELRADSVN\Altium_Library\Libraries\Active\Datasheet\BSS123.pdf"; VariantName = "[No Variations]"
Change component parameters (AddParameter ignored because duplicated): Name = "ComponentLink1URL"; Value = "http://www.farnell.com/datasheets/2814387.pdf?_ga=2.180867175.1196948029.1566195061-1373726713.1554121096&_gac=1.87830250.1562763802.CjwKCAjwmZbpBRAGEiwADrmVXm8xT8OHDZvJe8qZIQyyGmIuiUD-TEITatw0hIdDkyBwIXXCH7oneRoCl7cQAvD_BwE"; VariantName = "[No Variations]"
Change component parameters (AddParameter): Name = "ComponentLINK2Description"; Value = "Datasheet www"; VariantName = "[No Variations]"
Change component parameters (AddParameter): Name = "ComponentLINK2URL"; Value = "http://www.onsemi.com/pub/Collateral/BSS123-D.PDF"; VariantName = "[No Variations]"
Change component parameters (AddParameter): Name = "Date"; Value = "11.07.2018"; VariantName = "[No Variations]"
Change component parameters (AddParameter): Name = "ELRAD Id sifra / ELRAD Id No"; Value = "597778"; VariantName = "[No Variations]"
Change component parameters (AddParameter): Name = "FIT"; Value = "0.44"; VariantName = "[No Variations]"
Change component parameters (AddParameter): Name = "Komp / Device"; Value = "SMD"; VariantName = "[No Variations]"
Change component parameters (AddParameter): Name = "Manufacturer No"; Value = ""; VariantName = "[No Variations]"
Change component parameters (AddParameter): Name = "Opis / Description"; Value = "MOSFET BSS123       /N-Channel"; VariantName = "[No Variations]"
Change component parameters (AddParameter): Name = "Opomba / Remark"; Value = ""; VariantName = "[No Variations]"
Change component parameters (AddParameter): Name = "Supplier 1"; Value = "Farnell"; VariantName = "[No Variations]"
Change component parameters (AddParameter): Name = "Supplier Part Number 1"; Value = "3127315"; VariantName = "[No Variations]"
Change component parameters (AddParameter): Name = "Toleranca / Tolerance"; Value = ""; VariantName = "[No Variations]"
Change component parameters (AddParameter): Name = "Value"; Value = "BSS123"; VariantName = "[No Variations]"
Change component parameters (AddParameter): Name = "Velikost / Size"; Value = "SOT23"; VariantName = "[No Variations]"
Change component parameters: Designator = "T5"; Footprint = "SOT23-3AL"; UniqueID = "\UYMNCRWJ\KVGIZMGH"
Change component parameters. Clean all parameters for all variants
Change component parameters (AddParameter): Name = "Author"; Value = "Ciril Golob"; VariantName = "[No Variations]"
Change component parameters (AddParameter): Name = "ComponentLINK1Description"; Value = "Datasheet"; VariantName = "[No Variations]"
Change component parameters (AddParameter ignored because duplicated): Name = "ComponentLink1Description"; Value = "Datasheet"; VariantName = "[No Variations]"
Change component parameters (AddParameter): Name = "ComponentLINK1URL"; Value = "c:\ELRADSVN\Altium_Library\Libraries\Active\Datasheet\BSS123.pdf"; VariantName = "[No Variations]"
Change component parameters (AddParameter ignored because duplicated): Name = "ComponentLink1URL"; Value = "http://www.farnell.com/datasheets/2148574.pdf?_ga=2.241812546.1501170171.1569221802-1373726713.1554121096&_gac=1.51911131.1567774175.Cj0KCQjwh8jrBRDQARIsAH7BsXewc7Dwr4vpljjl78IYTw8YgbCKKX8PqbiwpEZSRALCWSJq0A6KVZoaAvm4EALw_wcB"; VariantName = "[No Variations]"
Change component parameters (AddParameter): Name = "ComponentLINK2Description"; Value = "Datasheet www"; VariantName = "[No Variations]"
Change component parameters (AddParameter): Name = "ComponentLINK2URL"; Value = "http://www.onsemi.com/pub/Collateral/BSS123-D.PDF"; VariantName = "[No Variations]"
Change component parameters (AddParameter): Name = "Date"; Value = "11.07.2018"; VariantName = "[No Variations]"
Change component parameters (AddParameter): Name = "ELRAD Id sifra / ELRAD Id No"; Value = "597778"; VariantName = "[No Variations]"
Change component parameters (AddParameter): Name = "FIT"; Value = "0.44"; VariantName = "[No Variations]"
Change component parameters (AddParameter): Name = "Komp / Device"; Value = "SMD"; VariantName = "[No Variations]"
Change component parameters (AddParameter): Name = "Manufacturer No"; Value = ""; VariantName = "[No Variations]"
Change component parameters (AddParameter): Name = "Opis / Description"; Value = "MOSFET BSS123       /N-Channel"; VariantName = "[No Variations]"
Change component parameters (AddParameter): Name = "Opomba / Remark"; Value = ""; VariantName = "[No Variations]"
Change component parameters (AddParameter): Name = "Supplier 1"; Value = "Farnell"; VariantName = "[No Variations]"
Change component parameters (AddParameter): Name = "Supplier Part Number 1"; Value = "2646371"; VariantName = "[No Variations]"
Change component parameters (AddParameter): Name = "Toleranca / Tolerance"; Value = ""; VariantName = "[No Variations]"
Change component parameters (AddParameter): Name = "Value"; Value = "BSS123"; VariantName = "[No Variations]"
Change component parameters (AddParameter): Name = "Velikost / Size"; Value = "SOT23"; VariantName = "[No Variations]"
Change component parameters: Designator = "T6"; Footprint = "SOT23-3AL"; UniqueID = "\UYMNCRWJ\ZECBJRNH"
Change component parameters. Clean all parameters for all variants
Change component parameters (AddParameter): Name = "Author"; Value = "Ciril Golob"; VariantName = "[No Variations]"
Change component parameters (AddParameter): Name = "ComponentLINK1Description"; Value = "Datasheet"; VariantName = "[No Variations]"
Change component parameters (AddParameter ignored because duplicated): Name = "ComponentLink1Description"; Value = "Datasheet"; VariantName = "[No Variations]"
Change component parameters (AddParameter): Name = "ComponentLINK1URL"; Value = "c:\ELRADSVN\Altium_Library\Libraries\Active\Datasheet\BSS123.pdf"; VariantName = "[No Variations]"
Change component parameters (AddParameter ignored because duplicated): Name = "ComponentLink1URL"; Value = "http://www.farnell.com/datasheets/2148574.pdf?_ga=2.241812546.1501170171.1569221802-1373726713.1554121096&_gac=1.51911131.1567774175.Cj0KCQjwh8jrBRDQARIsAH7BsXewc7Dwr4vpljjl78IYTw8YgbCKKX8PqbiwpEZSRALCWSJq0A6KVZoaAvm4EALw_wcB"; VariantName = "[No Variations]"
Change component parameters (AddParameter): Name = "ComponentLINK2Description"; Value = "Datasheet www"; VariantName = "[No Variations]"
Change component parameters (AddParameter): Name = "ComponentLINK2URL"; Value = "http://www.onsemi.com/pub/Collateral/BSS123-D.PDF"; VariantName = "[No Variations]"
Change component parameters (AddParameter): Name = "Date"; Value = "11.07.2018"; VariantName = "[No Variations]"
Change component parameters (AddParameter): Name = "ELRAD Id sifra / ELRAD Id No"; Value = "597778"; VariantName = "[No Variations]"
Change component parameters (AddParameter): Name = "FIT"; Value = "0.44"; VariantName = "[No Variations]"
Change component parameters (AddParameter): Name = "Komp / Device"; Value = "SMD"; VariantName = "[No Variations]"
Change component parameters (AddParameter): Name = "Manufacturer No"; Value = ""; VariantName = "[No Variations]"
Change component parameters (AddParameter): Name = "Opis / Description"; Value = "MOSFET BSS123       /N-Channel"; VariantName = "[No Variations]"
Change component parameters (AddParameter): Name = "Opomba / Remark"; Value = ""; VariantName = "[No Variations]"
Change component parameters (AddParameter): Name = "Supplier 1"; Value = "Farnell"; VariantName = "[No Variations]"
Change component parameters (AddParameter): Name = "Supplier Part Number 1"; Value = "2646371"; VariantName = "[No Variations]"
Change component parameters (AddParameter): Name = "Toleranca / Tolerance"; Value = ""; VariantName = "[No Variations]"
Change component parameters (AddParameter): Name = "Value"; Value = "BSS123"; VariantName = "[No Variations]"
Change component parameters (AddParameter): Name = "Velikost / Size"; Value = "SOT23"; VariantName = "[No Variations]"
Change component parameters: Designator = "C31"; Footprint = "CAP1206"; UniqueID = "\UYMNCRWJ\DAWJLDYB"
Change component parameters. Clean all parameters for all variants
Change component parameters (AddParameter): Name = "Capacitance"; Value = "10uF"; VariantName = "[No Variations]"
Change component parameters (AddParameter): Name = "Case/Package"; Value = "0805"; VariantName = "[No Variations]"
Change component parameters (AddParameter): Name = "Case Code (Imperial)"; Value = "0805"; VariantName = "[No Variations]"
Change component parameters (AddParameter): Name = "ComponentLink1Description"; Value = "http://www.farnell.com/datasheets/2048767.pdf"; VariantName = "[No Variations]"
Change component parameters (AddParameter): Name = "ComponentLink1URL"; Value = "http://www.farnell.com/datasheets/2048767.pdf"; VariantName = "[No Variations]"
Change component parameters (AddParameter): Name = "IRNAS Part No."; Value = "/"; VariantName = "[No Variations]"
Change component parameters (AddParameter): Name = "Manufacturer"; Value = "MURATA"; VariantName = "[No Variations]"
Change component parameters (AddParameter): Name = "Manufacturer Part Number"; Value = "GRM31CR61H106KA12L"; VariantName = "[No Variations]"
Change component parameters (AddParameter): Name = "Pricing 1"; Value = "5=0.368, 50=0.214, 250=0.196, 500=0.178, 1000=0.159 (GBP)"; VariantName = "[No Variations]"
Change component parameters (AddParameter): Name = "RoHS"; Value = "YES"; VariantName = "[No Variations]"
Change component parameters (AddParameter): Name = "Stock 1"; Value = "51830"; VariantName = "[No Variations]"
Change component parameters (AddParameter): Name = "Supplier 1"; Value = "Farnell"; VariantName = "[No Variations]"
Change component parameters (AddParameter): Name = "Supplier Part Number 1"; Value = "2611943"; VariantName = "[No Variations]"
Change component parameters: Designator = "C32"; Footprint = "CAP1206"; UniqueID = "\UYMNCRWJ\BNPKHJTW"
Change component parameters. Clean all parameters for all variants
Change component parameters (AddParameter): Name = "Capacitance"; Value = "10uF"; VariantName = "[No Variations]"
Change component parameters (AddParameter): Name = "Case/Package"; Value = "0805"; VariantName = "[No Variations]"
Change component parameters (AddParameter): Name = "Case Code (Imperial)"; Value = "0805"; VariantName = "[No Variations]"
Change component parameters (AddParameter): Name = "ComponentLink1Description"; Value = "http://www.farnell.com/datasheets/2048767.pdf"; VariantName = "[No Variations]"
Change component parameters (AddParameter): Name = "ComponentLink1URL"; Value = "http://www.farnell.com/datasheets/2048767.pdf"; VariantName = "[No Variations]"
Change component parameters (AddParameter): Name = "IRNAS Part No."; Value = "/"; VariantName = "[No Variations]"
Change component parameters (AddParameter): Name = "Manufacturer"; Value = "MURATA"; VariantName = "[No Variations]"
Change component parameters (AddParameter): Name = "Manufacturer Part Number"; Value = "GRM31CR61H106KA12L"; VariantName = "[No Variations]"
Change component parameters (AddParameter): Name = "Pricing 1"; Value = "5=0.368, 50=0.214, 250=0.196, 500=0.178, 1000=0.159 (GBP)"; VariantName = "[No Variations]"
Change component parameters (AddParameter): Name = "RoHS"; Value = "YES"; VariantName = "[No Variations]"
Change component parameters (AddParameter): Name = "Stock 1"; Value = "51830"; VariantName = "[No Variations]"
Change component parameters (AddParameter): Name = "Supplier 1"; Value = "Farnell"; VariantName = "[No Variations]"
Change component parameters (AddParameter): Name = "Supplier Part Number 1"; Value = "2611943"; VariantName = "[No Variations]"
Change component parameters: Designator = "D4"; Footprint = "SOD-523"; UniqueID = "\UYMNCRWJ\VPGNDLLL"
Change component parameters. Clean all parameters for all variants
Change component parameters (AddParameter): Name = "Case/Package"; Value = "SOD-323-2"; VariantName = "[No Variations]"
Change component parameters (AddParameter): Name = "ComponentLink1Description"; Value = "Datasheet"; VariantName = "[No Variations]"
Change component parameters (AddParameter): Name = "ComponentLink1URL"; Value = "http://www.farnell.com/datasheets/2174102.pdf?_ga=2.201612818.2019487508.1561544068-542385468.1539855290"; VariantName = "[No Variations]"
Change component parameters (AddParameter): Name = "Contact Plating"; Value = "Tin"; VariantName = "[No Variations]"
Change component parameters (AddParameter): Name = "Element Configuration"; Value = "Single"; VariantName = "[No Variations]"
Change component parameters (AddParameter): Name = "ESD Protection"; Value = "No"; VariantName = "[No Variations]"
Change component parameters (AddParameter): Name = "Forward Voltage"; Value = "900mV"; VariantName = "[No Variations]"
Change component parameters (AddParameter): Name = "Height"; Value = "0.8mm"; VariantName = "[No Variations]"
Change component parameters (AddParameter): Name = "Impedance"; Value = "40R"; VariantName = "[No Variations]"
Change component parameters (AddParameter): Name = "Lead Free"; Value = "Lead Free"; VariantName = "[No Variations]"
Change component parameters (AddParameter): Name = "Length"; Value = "1.8mm"; VariantName = "[No Variations]"
Change component parameters (AddParameter): Name = "Manufacturer"; Value = "NXP Semiconductors"; VariantName = "[No Variations]"
Change component parameters (AddParameter): Name = "Manufacturer Part Number"; Value = "BZX84J-C5V6,115"; VariantName = "[No Variations]"
Change component parameters (AddParameter): Name = "Max Operating Temperature"; Value = "150°C"; VariantName = "[No Variations]"
Change component parameters (AddParameter): Name = "Max Power Dissipation"; Value = "550mW"; VariantName = "[No Variations]"
Change component parameters (AddParameter): Name = "Max Reverse Leakage Current"; Value = "1uA"; VariantName = "[No Variations]"
Change component parameters (AddParameter): Name = "Min Operating Temperature"; Value = "-65°C"; VariantName = "[No Variations]"
Change component parameters (AddParameter): Name = "Mount"; Value = "Surface Mount"; VariantName = "[No Variations]"
Change component parameters (AddParameter): Name = "Number of Pins"; Value = "2"; VariantName = "[No Variations]"
Change component parameters (AddParameter): Name = "Package Quantity"; Value = "1"; VariantName = "[No Variations]"
Change component parameters (AddParameter): Name = "Packaging"; Value = "Tape and Reel"; VariantName = "[No Variations]"
Change component parameters (AddParameter): Name = "Peak Reverse Current"; Value = "1A"; VariantName = "[No Variations]"
Change component parameters (AddParameter): Name = "Power Dissipation"; Value = "550mW"; VariantName = "[No Variations]"
Change component parameters (AddParameter): Name = "Pricing 1"; Value = "1=0.4, 10=0.299, 100=0.1696, 500=0.1123, 1000=0.08609 (USD)"; VariantName = "[No Variations]"
Change component parameters (AddParameter): Name = "Radiation Hardening"; Value = "No"; VariantName = "[No Variations]"
Change component parameters (AddParameter): Name = "REACH SVHC"; Value = "No SVHC"; VariantName = "[No Variations]"
Change component parameters (AddParameter): Name = "Stock 1"; Value = "1743"; VariantName = "[No Variations]"
Change component parameters (AddParameter): Name = "Supplier 1"; Value = "Farnell"; VariantName = "[No Variations]"
Change component parameters (AddParameter): Name = "Supplier Part Number 1"; Value = "1907636"; VariantName = "[No Variations]"
Change component parameters (AddParameter): Name = "Test Current"; Value = "5mA"; VariantName = "[No Variations]"
Change component parameters (AddParameter): Name = "Tolerance"; Value = "5%"; VariantName = "[No Variations]"
Change component parameters (AddParameter): Name = "Voltage Tolerance"; Value = "5%"; VariantName = "[No Variations]"
Change component parameters (AddParameter): Name = "Width"; Value = "1.35mm"; VariantName = "[No Variations]"
Change component parameters (AddParameter): Name = "Working Voltage"; Value = "5.6V"; VariantName = "[No Variations]"
Change component parameters (AddParameter): Name = "Zener Voltage"; Value = "5.6V"; VariantName = "[No Variations]"
Change component parameters: Designator = "R33"; Footprint = "RES0402"; UniqueID = "\UYMNCRWJ\UKACXHKC"
Change component parameters. Clean all parameters for all variants
Change component parameters (AddParameter): Name = "Case/Package"; Value = "0402"; VariantName = "[No Variations]"
Change component parameters (AddParameter): Name = "Case Code (Imperial)"; Value = "0402"; VariantName = "[No Variations]"
Change component parameters (AddParameter): Name = "Case Code (Metric)"; Value = "1005"; VariantName = "[No Variations]"
Change component parameters (AddParameter): Name = "ComponentLink1Description"; Value = "https://datasheet.ciiva.com/11817/0900766b80d98824-11817998.pdf"; VariantName = "[No Variations]"
Change component parameters (AddParameter): Name = "ComponentLink1URL"; Value = "https://datasheet.ciiva.com/11817/0900766b80d98824-11817998.pdf"; VariantName = "[No Variations]"
Change component parameters (AddParameter): Name = "ComponentLink2Description"; Value = "https://datasheet.ciiva.com/2463/dcrcwe3-2463568.pdf"; VariantName = "[No Variations]"
Change component parameters (AddParameter): Name = "ComponentLink2URL"; Value = "https://datasheet.ciiva.com/2463/dcrcwe3-2463568.pdf"; VariantName = "[No Variations]"
Change component parameters (AddParameter): Name = "ComponentLink3Description"; Value = "https://datasheet.ciiva.com/2463/dcrcwe3-2463569.pdf"; VariantName = "[No Variations]"
Change component parameters (AddParameter): Name = "ComponentLink3URL"; Value = "https://datasheet.ciiva.com/2463/dcrcwe3-2463569.pdf"; VariantName = "[No Variations]"
Change component parameters (AddParameter): Name = "ComponentLink4Description"; Value = "https://datasheet.ciiva.com/2463/dcrcwe3-2463570.pdf"; VariantName = "[No Variations]"
Change component parameters (AddParameter): Name = "ComponentLink4URL"; Value = "https://datasheet.ciiva.com/2463/dcrcwe3-2463570.pdf"; VariantName = "[No Variations]"
Change component parameters (AddParameter): Name = "ComponentLink5Description"; Value = "https://datasheet.ciiva.com/16202/dcrcwe3-16202613.pdf"; VariantName = "[No Variations]"
Change component parameters (AddParameter): Name = "ComponentLink5URL"; Value = "https://datasheet.ciiva.com/16202/dcrcwe3-16202613.pdf"; VariantName = "[No Variations]"
Change component parameters (AddParameter): Name = "ComponentLink6Description"; Value = "https://datasheet.ciiva.com/22705/1697337-22705813.pdf"; VariantName = "[No Variations]"
Change component parameters (AddParameter): Name = "ComponentLink6URL"; Value = "https://datasheet.ciiva.com/22705/1697337-22705813.pdf"; VariantName = "[No Variations]"
Change component parameters (AddParameter): Name = "ComponentLink7Description"; Value = "https://datasheet.ciiva.com/22676/1912744-22676022.pdf"; VariantName = "[No Variations]"
Change component parameters (AddParameter): Name = "ComponentLink7URL"; Value = "https://datasheet.ciiva.com/22676/1912744-22676022.pdf"; VariantName = "[No Variations]"
Change component parameters (AddParameter): Name = "ComponentLink8Description"; Value = "https://datasheet.ciiva.com/3256/dcrcwe3-3256088.pdf"; VariantName = "[No Variations]"
Change component parameters (AddParameter): Name = "ComponentLink8URL"; Value = "https://datasheet.ciiva.com/3256/dcrcwe3-3256088.pdf"; VariantName = "[No Variations]"
Change component parameters (AddParameter): Name = "ComponentLink9Description"; Value = "https://datasheet.ciiva.com/16760/70201119-16760089.pdf"; VariantName = "[No Variations]"
Change component parameters (AddParameter): Name = "ComponentLink9URL"; Value = "https://datasheet.ciiva.com/16760/70201119-16760089.pdf"; VariantName = "[No Variations]"
Change component parameters (AddParameter): Name = "ComponentLink10Description"; Value = "https://datasheet.ciiva.com/7714/1697337-7714174.pdf"; VariantName = "[No Variations]"
Change component parameters (AddParameter): Name = "ComponentLink10URL"; Value = "https://datasheet.ciiva.com/7714/1697337-7714174.pdf"; VariantName = "[No Variations]"
Change component parameters (AddParameter): Name = "ComponentLink11Description"; Value = "https://datasheet.ciiva.com/5545/dcrcwe3-109170-5545151.pdf"; VariantName = "[No Variations]"
Change component parameters (AddParameter): Name = "ComponentLink11URL"; Value = "https://datasheet.ciiva.com/5545/dcrcwe3-109170-5545151.pdf"; VariantName = "[No Variations]"
Change component parameters (AddParameter): Name = "ComponentLink12Description"; Value = "https://datasheet.ciiva.com/7714/1697337-7714175.pdf"; VariantName = "[No Variations]"
Change component parameters (AddParameter): Name = "ComponentLink12URL"; Value = "https://datasheet.ciiva.com/7714/1697337-7714175.pdf"; VariantName = "[No Variations]"
Change component parameters (AddParameter): Name = "Composition"; Value = "Thick Film"; VariantName = "[No Variations]"
Change component parameters (AddParameter): Name = "Contact Plating"; Value = "Tin"; VariantName = "[No Variations]"
Change component parameters (AddParameter): Name = "Depth"; Value = "0.5mm"; VariantName = "[No Variations]"
Change component parameters (AddParameter): Name = "Height"; Value = "0.35mm"; VariantName = "[No Variations]"
Change component parameters (AddParameter): Name = "IRNAS Part No."; Value = "/"; VariantName = "[No Variations]"
Change component parameters (AddParameter): Name = "Length"; Value = "1mm"; VariantName = "[No Variations]"
Change component parameters (AddParameter): Name = "Manufacturer"; Value = "Vishay"; VariantName = "[No Variations]"
Change component parameters (AddParameter): Name = "Manufacturer Part Number"; Value = "CRCW0402165KFKED"; VariantName = "[No Variations]"
Change component parameters (AddParameter): Name = "Max Operating Temperature"; Value = "155°C"; VariantName = "[No Variations]"
Change component parameters (AddParameter): Name = "Max Power Dissipation"; Value = "63mW"; VariantName = "[No Variations]"
Change component parameters (AddParameter): Name = "Military Standard"; Value = "Not"; VariantName = "[No Variations]"
Change component parameters (AddParameter): Name = "Min Operating Temperature"; Value = "-55°C"; VariantName = "[No Variations]"
Change component parameters (AddParameter): Name = "Number of Pins"; Value = "2"; VariantName = "[No Variations]"
Change component parameters (AddParameter): Name = "Number of Terminations"; Value = "2"; VariantName = "[No Variations]"
Change component parameters (AddParameter): Name = "Package Quantity"; Value = "10"; VariantName = "[No Variations]"
Change component parameters (AddParameter): Name = "Packaging"; Value = "Tape and Reel"; VariantName = "[No Variations]"
Change component parameters (AddParameter): Name = "Power Rating"; Value = "63mW"; VariantName = "[No Variations]"
Change component parameters (AddParameter): Name = "Pricing 1"; Value = "1=0.1, 10=0.044, 100=0.0178, 1000=0.00802, 2500=0.00696, 5000=0.00575 (USD)"; VariantName = "[No Variations]"
Change component parameters (AddParameter): Name = "REACH SVHC"; Value = "Unknown"; VariantName = "[No Variations]"
Change component parameters (AddParameter): Name = "Resistance"; Value = "165kR"; VariantName = "[No Variations]"
Change component parameters (AddParameter): Name = "Stock 1"; Value = "5845"; VariantName = "[No Variations]"
Change component parameters (AddParameter): Name = "Supplier 1"; Value = "Farnell"; VariantName = "[No Variations]"
Change component parameters (AddParameter): Name = "Supplier Part Number 1"; Value = "2072686"; VariantName = "[No Variations]"
Change component parameters (AddParameter): Name = "Temperature Coefficient"; Value = "100ppm/°C"; VariantName = "[No Variations]"
Change component parameters (AddParameter): Name = "Termination"; Value = "SMD/SMT"; VariantName = "[No Variations]"
Change component parameters (AddParameter): Name = "Tolerance"; Value = "1%"; VariantName = "[No Variations]"
Change component parameters (AddParameter): Name = "Voltage Rating"; Value = "50V"; VariantName = "[No Variations]"
Change component parameters (AddParameter): Name = "Weight"; Value = "2.3E-05oz"; VariantName = "[No Variations]"
Change component parameters (AddParameter): Name = "Width"; Value = "0.02inch"; VariantName = "[No Variations]"
Added Component: Designator=C25(CAP0603)
Add component. Clean all parameters for all variants
Add component (AddParameter): Name = "Capacitance"; Value = "10uF"; VariantName = "[No Variations]"
Add component (AddParameter): Name = "Case/Package"; Value = "0603"; VariantName = "[No Variations]"
Add component (AddParameter): Name = "Case Code (Imperial)"; Value = "0603"; VariantName = "[No Variations]"
Add component (AddParameter): Name = "Case Code (Metric)"; Value = "1608"; VariantName = "[No Variations]"
Add component (AddParameter): Name = "ComponentLink1Description"; Value = "https://www.verical.com/server-webapp/html/getDatasheet?partID=359551"; VariantName = "[No Variations]"
Add component (AddParameter): Name = "ComponentLink1URL"; Value = "https://www.verical.com/server-webapp/html/getDatasheet?partID=359551"; VariantName = "[No Variations]"
Add component (AddParameter): Name = "ComponentLink2Description"; Value = "http://www1.futureelectronics.com/doc/SAMSUNG%20PASSIVE/CL05B104KQ5NNNC.pdf"; VariantName = "[No Variations]"
Add component (AddParameter): Name = "ComponentLink2URL"; Value = "http://www1.futureelectronics.com/doc/SAMSUNG%20PASSIVE/CL05B104KQ5NNNC.pdf"; VariantName = "[No Variations]"
Add component (AddParameter): Name = "ComponentLink3Description"; Value = "https://produktinfo.conrad.com/datenblaetter/450000-474999/457369-da-01-en-VS_KONDENSATOR_0603.pdf"; VariantName = "[No Variations]"
Add component (AddParameter): Name = "ComponentLink3URL"; Value = "https://produktinfo.conrad.com/datenblaetter/450000-474999/457369-da-01-en-VS_KONDENSATOR_0603.pdf"; VariantName = "[No Variations]"
Add component (AddParameter): Name = "Contact Plating"; Value = "Tin"; VariantName = "[No Variations]"
Add component (AddParameter): Name = "Depth"; Value = "0.8mm"; VariantName = "[No Variations]"
Add component (AddParameter): Name = "Dielectric"; Value = "X5R"; VariantName = "[No Variations]"
Add component (AddParameter): Name = "Height"; Value = "0.8mm"; VariantName = "[No Variations]"
Add component (AddParameter): Name = "IRNAS Part No."; Value = "/"; VariantName = "[No Variations]"
Add component (AddParameter): Name = "Lead Free"; Value = "Lead Free"; VariantName = "[No Variations]"
Add component (AddParameter): Name = "Length"; Value = "1.6mm"; VariantName = "[No Variations]"
Add component (AddParameter): Name = "Manufacturer"; Value = "Samsung"; VariantName = "[No Variations]"
Add component (AddParameter): Name = "Manufacturer Part Number"; Value = "CL10A106KP8NNNC"; VariantName = "[No Variations]"
Add component (AddParameter): Name = "Material"; Value = "Ceramic"; VariantName = "[No Variations]"
Add component (AddParameter): Name = "Max Operating Temperature"; Value = "85°C"; VariantName = "[No Variations]"
Add component (AddParameter): Name = "Min Operating Temperature"; Value = "-55°C"; VariantName = "[No Variations]"
Add component (AddParameter): Name = "Mount"; Value = "Surface Mount"; VariantName = "[No Variations]"
Add component (AddParameter): Name = "Package Quantity"; Value = "1"; VariantName = "[No Variations]"
Add component (AddParameter): Name = "Packaging"; Value = "Tape and Reel"; VariantName = "[No Variations]"
Add component (AddParameter): Name = "Pricing 1"; Value = "1=0.36, 10=0.248, 100=0.1403, 500=0.099, 1000=0.08663 (USD)"; VariantName = "[No Variations]"
Add component (AddParameter): Name = "Radiation Hardening"; Value = "No"; VariantName = "[No Variations]"
Add component (AddParameter): Name = "Stock 1"; Value = "2844657"; VariantName = "[No Variations]"
Add component (AddParameter): Name = "Supplier 1"; Value = "Farnell"; VariantName = "[No Variations]"
Add component (AddParameter): Name = "Supplier Part Number 1"; Value = "2456110"; VariantName = "[No Variations]"
Add component (AddParameter): Name = "Thickness"; Value = "0.035inch"; VariantName = "[No Variations]"
Add component (AddParameter): Name = "Tolerance"; Value = "10%"; VariantName = "[No Variations]"
Add component (AddParameter): Name = "Voltage Rating"; Value = "10V"; VariantName = "[No Variations]"
Add component (AddParameter): Name = "Voltage Rating (DC)"; Value = "10V"; VariantName = "[No Variations]"
Add component (AddParameter): Name = "Width"; Value = "0.031inch"; VariantName = "[No Variations]"
Add component (AddParameter): Name = "Capacitance"; Value = "10uF"; VariantName = "BASIC"
Add component (AddParameter): Name = "Case/Package"; Value = "0603"; VariantName = "BASIC"
Add component (AddParameter): Name = "Case Code (Imperial)"; Value = "0603"; VariantName = "BASIC"
Add component (AddParameter): Name = "Case Code (Metric)"; Value = "1608"; VariantName = "BASIC"
Add component (AddParameter): Name = "ComponentLink1Description"; Value = "https://www.verical.com/server-webapp/html/getDatasheet?partID=359551"; VariantName = "BASIC"
Add component (AddParameter): Name = "ComponentLink1URL"; Value = "https://www.verical.com/server-webapp/html/getDatasheet?partID=359551"; VariantName = "BASIC"
Add component (AddParameter): Name = "ComponentLink2Description"; Value = "http://www1.futureelectronics.com/doc/SAMSUNG%20PASSIVE/CL05B104KQ5NNNC.pdf"; VariantName = "BASIC"
Add component (AddParameter): Name = "ComponentLink2URL"; Value = "http://www1.futureelectronics.com/doc/SAMSUNG%20PASSIVE/CL05B104KQ5NNNC.pdf"; VariantName = "BASIC"
Add component (AddParameter): Name = "ComponentLink3Description"; Value = "https://produktinfo.conrad.com/datenblaetter/450000-474999/457369-da-01-en-VS_KONDENSATOR_0603.pdf"; VariantName = "BASIC"
Add component (AddParameter): Name = "ComponentLink3URL"; Value = "https://produktinfo.conrad.com/datenblaetter/450000-474999/457369-da-01-en-VS_KONDENSATOR_0603.pdf"; VariantName = "BASIC"
Add component (AddParameter): Name = "Contact Plating"; Value = "Tin"; VariantName = "BASIC"
Add component (AddParameter): Name = "Depth"; Value = "0.8mm"; VariantName = "BASIC"
Add component (AddParameter): Name = "Dielectric"; Value = "X5R"; VariantName = "BASIC"
Add component (AddParameter): Name = "Height"; Value = "0.8mm"; VariantName = "BASIC"
Add component (AddParameter): Name = "IRNAS Part No."; Value = "/"; VariantName = "BASIC"
Add component (AddParameter): Name = "Lead Free"; Value = "Lead Free"; VariantName = "BASIC"
Add component (AddParameter): Name = "Length"; Value = "1.6mm"; VariantName = "BASIC"
Add component (AddParameter): Name = "Manufacturer"; Value = "Samsung"; VariantName = "BASIC"
Add component (AddParameter): Name = "Manufacturer Part Number"; Value = "CL10A106KP8NNNC"; VariantName = "BASIC"
Add component (AddParameter): Name = "Material"; Value = "Ceramic"; VariantName = "BASIC"
Add component (AddParameter): Name = "Max Operating Temperature"; Value = "85°C"; VariantName = "BASIC"
Add component (AddParameter): Name = "Min Operating Temperature"; Value = "-55°C"; VariantName = "BASIC"
Add component (AddParameter): Name = "Mount"; Value = "Surface Mount"; VariantName = "BASIC"
Add component (AddParameter): Name = "Package Quantity"; Value = "1"; VariantName = "BASIC"
Add component (AddParameter): Name = "Packaging"; Value = "Tape and Reel"; VariantName = "BASIC"
Add component (AddParameter): Name = "Pricing 1"; Value = "1=0.36, 10=0.248, 100=0.1403, 500=0.099, 1000=0.08663 (USD)"; VariantName = "BASIC"
Add component (AddParameter): Name = "Radiation Hardening"; Value = "No"; VariantName = "BASIC"
Add component (AddParameter): Name = "Stock 1"; Value = "2844657"; VariantName = "BASIC"
Add component (AddParameter): Name = "Supplier 1"; Value = "Farnell"; VariantName = "BASIC"
Add component (AddParameter): Name = "Supplier Part Number 1"; Value = "2456110"; VariantName = "BASIC"
Add component (AddParameter): Name = "Thickness"; Value = "0.035inch"; VariantName = "BASIC"
Add component (AddParameter): Name = "Tolerance"; Value = "10%"; VariantName = "BASIC"
Add component (AddParameter): Name = "Voltage Rating"; Value = "10V"; VariantName = "BASIC"
Add component (AddParameter): Name = "Voltage Rating (DC)"; Value = "10V"; VariantName = "BASIC"
Add component (AddParameter): Name = "Width"; Value = "0.031inch"; VariantName = "BASIC"
Added Component: Designator=C26(CAP0603)
Add component. Clean all parameters for all variants
Add component (AddParameter): Name = "Capacitance"; Value = "10uF"; VariantName = "[No Variations]"
Add component (AddParameter): Name = "Case/Package"; Value = "0603"; VariantName = "[No Variations]"
Add component (AddParameter): Name = "Case Code (Imperial)"; Value = "0603"; VariantName = "[No Variations]"
Add component (AddParameter): Name = "Case Code (Metric)"; Value = "1608"; VariantName = "[No Variations]"
Add component (AddParameter): Name = "ComponentLink1Description"; Value = "https://www.verical.com/server-webapp/html/getDatasheet?partID=359551"; VariantName = "[No Variations]"
Add component (AddParameter): Name = "ComponentLink1URL"; Value = "https://www.verical.com/server-webapp/html/getDatasheet?partID=359551"; VariantName = "[No Variations]"
Add component (AddParameter): Name = "ComponentLink2Description"; Value = "http://www1.futureelectronics.com/doc/SAMSUNG%20PASSIVE/CL05B104KQ5NNNC.pdf"; VariantName = "[No Variations]"
Add component (AddParameter): Name = "ComponentLink2URL"; Value = "http://www1.futureelectronics.com/doc/SAMSUNG%20PASSIVE/CL05B104KQ5NNNC.pdf"; VariantName = "[No Variations]"
Add component (AddParameter): Name = "ComponentLink3Description"; Value = "https://produktinfo.conrad.com/datenblaetter/450000-474999/457369-da-01-en-VS_KONDENSATOR_0603.pdf"; VariantName = "[No Variations]"
Add component (AddParameter): Name = "ComponentLink3URL"; Value = "https://produktinfo.conrad.com/datenblaetter/450000-474999/457369-da-01-en-VS_KONDENSATOR_0603.pdf"; VariantName = "[No Variations]"
Add component (AddParameter): Name = "Contact Plating"; Value = "Tin"; VariantName = "[No Variations]"
Add component (AddParameter): Name = "Depth"; Value = "0.8mm"; VariantName = "[No Variations]"
Add component (AddParameter): Name = "Dielectric"; Value = "X5R"; VariantName = "[No Variations]"
Add component (AddParameter): Name = "Height"; Value = "0.8mm"; VariantName = "[No Variations]"
Add component (AddParameter): Name = "IRNAS Part No."; Value = "/"; VariantName = "[No Variations]"
Add component (AddParameter): Name = "Lead Free"; Value = "Lead Free"; VariantName = "[No Variations]"
Add component (AddParameter): Name = "Length"; Value = "1.6mm"; VariantName = "[No Variations]"
Add component (AddParameter): Name = "Manufacturer"; Value = "Samsung"; VariantName = "[No Variations]"
Add component (AddParameter): Name = "Manufacturer Part Number"; Value = "CL10A106KP8NNNC"; VariantName = "[No Variations]"
Add component (AddParameter): Name = "Material"; Value = "Ceramic"; VariantName = "[No Variations]"
Add component (AddParameter): Name = "Max Operating Temperature"; Value = "85°C"; VariantName = "[No Variations]"
Add component (AddParameter): Name = "Min Operating Temperature"; Value = "-55°C"; VariantName = "[No Variations]"
Add component (AddParameter): Name = "Mount"; Value = "Surface Mount"; VariantName = "[No Variations]"
Add component (AddParameter): Name = "Package Quantity"; Value = "1"; VariantName = "[No Variations]"
Add component (AddParameter): Name = "Packaging"; Value = "Tape and Reel"; VariantName = "[No Variations]"
Add component (AddParameter): Name = "Pricing 1"; Value = "1=0.36, 10=0.248, 100=0.1403, 500=0.099, 1000=0.08663 (USD)"; VariantName = "[No Variations]"
Add component (AddParameter): Name = "Radiation Hardening"; Value = "No"; VariantName = "[No Variations]"
Add component (AddParameter): Name = "Stock 1"; Value = "2844657"; VariantName = "[No Variations]"
Add component (AddParameter): Name = "Supplier 1"; Value = "Farnell"; VariantName = "[No Variations]"
Add component (AddParameter): Name = "Supplier Part Number 1"; Value = "2456110"; VariantName = "[No Variations]"
Add component (AddParameter): Name = "Thickness"; Value = "0.035inch"; VariantName = "[No Variations]"
Add component (AddParameter): Name = "Tolerance"; Value = "10%"; VariantName = "[No Variations]"
Add component (AddParameter): Name = "Voltage Rating"; Value = "10V"; VariantName = "[No Variations]"
Add component (AddParameter): Name = "Voltage Rating (DC)"; Value = "10V"; VariantName = "[No Variations]"
Add component (AddParameter): Name = "Width"; Value = "0.031inch"; VariantName = "[No Variations]"
Add component (AddParameter): Name = "Capacitance"; Value = "10uF"; VariantName = "BASIC"
Add component (AddParameter): Name = "Case/Package"; Value = "0603"; VariantName = "BASIC"
Add component (AddParameter): Name = "Case Code (Imperial)"; Value = "0603"; VariantName = "BASIC"
Add component (AddParameter): Name = "Case Code (Metric)"; Value = "1608"; VariantName = "BASIC"
Add component (AddParameter): Name = "ComponentLink1Description"; Value = "https://www.verical.com/server-webapp/html/getDatasheet?partID=359551"; VariantName = "BASIC"
Add component (AddParameter): Name = "ComponentLink1URL"; Value = "https://www.verical.com/server-webapp/html/getDatasheet?partID=359551"; VariantName = "BASIC"
Add component (AddParameter): Name = "ComponentLink2Description"; Value = "http://www1.futureelectronics.com/doc/SAMSUNG%20PASSIVE/CL05B104KQ5NNNC.pdf"; VariantName = "BASIC"
Add component (AddParameter): Name = "ComponentLink2URL"; Value = "http://www1.futureelectronics.com/doc/SAMSUNG%20PASSIVE/CL05B104KQ5NNNC.pdf"; VariantName = "BASIC"
Add component (AddParameter): Name = "ComponentLink3Description"; Value = "https://produktinfo.conrad.com/datenblaetter/450000-474999/457369-da-01-en-VS_KONDENSATOR_0603.pdf"; VariantName = "BASIC"
Add component (AddParameter): Name = "ComponentLink3URL"; Value = "https://produktinfo.conrad.com/datenblaetter/450000-474999/457369-da-01-en-VS_KONDENSATOR_0603.pdf"; VariantName = "BASIC"
Add component (AddParameter): Name = "Contact Plating"; Value = "Tin"; VariantName = "BASIC"
Add component (AddParameter): Name = "Depth"; Value = "0.8mm"; VariantName = "BASIC"
Add component (AddParameter): Name = "Dielectric"; Value = "X5R"; VariantName = "BASIC"
Add component (AddParameter): Name = "Height"; Value = "0.8mm"; VariantName = "BASIC"
Add component (AddParameter): Name = "IRNAS Part No."; Value = "/"; VariantName = "BASIC"
Add component (AddParameter): Name = "Lead Free"; Value = "Lead Free"; VariantName = "BASIC"
Add component (AddParameter): Name = "Length"; Value = "1.6mm"; VariantName = "BASIC"
Add component (AddParameter): Name = "Manufacturer"; Value = "Samsung"; VariantName = "BASIC"
Add component (AddParameter): Name = "Manufacturer Part Number"; Value = "CL10A106KP8NNNC"; VariantName = "BASIC"
Add component (AddParameter): Name = "Material"; Value = "Ceramic"; VariantName = "BASIC"
Add component (AddParameter): Name = "Max Operating Temperature"; Value = "85°C"; VariantName = "BASIC"
Add component (AddParameter): Name = "Min Operating Temperature"; Value = "-55°C"; VariantName = "BASIC"
Add component (AddParameter): Name = "Mount"; Value = "Surface Mount"; VariantName = "BASIC"
Add component (AddParameter): Name = "Package Quantity"; Value = "1"; VariantName = "BASIC"
Add component (AddParameter): Name = "Packaging"; Value = "Tape and Reel"; VariantName = "BASIC"
Add component (AddParameter): Name = "Pricing 1"; Value = "1=0.36, 10=0.248, 100=0.1403, 500=0.099, 1000=0.08663 (USD)"; VariantName = "BASIC"
Add component (AddParameter): Name = "Radiation Hardening"; Value = "No"; VariantName = "BASIC"
Add component (AddParameter): Name = "Stock 1"; Value = "2844657"; VariantName = "BASIC"
Add component (AddParameter): Name = "Supplier 1"; Value = "Farnell"; VariantName = "BASIC"
Add component (AddParameter): Name = "Supplier Part Number 1"; Value = "2456110"; VariantName = "BASIC"
Add component (AddParameter): Name = "Thickness"; Value = "0.035inch"; VariantName = "BASIC"
Add component (AddParameter): Name = "Tolerance"; Value = "10%"; VariantName = "BASIC"
Add component (AddParameter): Name = "Voltage Rating"; Value = "10V"; VariantName = "BASIC"
Add component (AddParameter): Name = "Voltage Rating (DC)"; Value = "10V"; VariantName = "BASIC"
Add component (AddParameter): Name = "Width"; Value = "0.031inch"; VariantName = "BASIC"
Added Component: Designator=C27(CAP0603)
Add component. Clean all parameters for all variants
Add component (AddParameter): Name = "Capacitance"; Value = "10uF"; VariantName = "[No Variations]"
Add component (AddParameter): Name = "Case/Package"; Value = "0603"; VariantName = "[No Variations]"
Add component (AddParameter): Name = "Case Code (Imperial)"; Value = "0603"; VariantName = "[No Variations]"
Add component (AddParameter): Name = "Case Code (Metric)"; Value = "1608"; VariantName = "[No Variations]"
Add component (AddParameter): Name = "ComponentLink1Description"; Value = "https://www.verical.com/server-webapp/html/getDatasheet?partID=359551"; VariantName = "[No Variations]"
Add component (AddParameter): Name = "ComponentLink1URL"; Value = "https://www.verical.com/server-webapp/html/getDatasheet?partID=359551"; VariantName = "[No Variations]"
Add component (AddParameter): Name = "ComponentLink2Description"; Value = "http://www1.futureelectronics.com/doc/SAMSUNG%20PASSIVE/CL05B104KQ5NNNC.pdf"; VariantName = "[No Variations]"
Add component (AddParameter): Name = "ComponentLink2URL"; Value = "http://www1.futureelectronics.com/doc/SAMSUNG%20PASSIVE/CL05B104KQ5NNNC.pdf"; VariantName = "[No Variations]"
Add component (AddParameter): Name = "ComponentLink3Description"; Value = "https://produktinfo.conrad.com/datenblaetter/450000-474999/457369-da-01-en-VS_KONDENSATOR_0603.pdf"; VariantName = "[No Variations]"
Add component (AddParameter): Name = "ComponentLink3URL"; Value = "https://produktinfo.conrad.com/datenblaetter/450000-474999/457369-da-01-en-VS_KONDENSATOR_0603.pdf"; VariantName = "[No Variations]"
Add component (AddParameter): Name = "Contact Plating"; Value = "Tin"; VariantName = "[No Variations]"
Add component (AddParameter): Name = "Depth"; Value = "0.8mm"; VariantName = "[No Variations]"
Add component (AddParameter): Name = "Dielectric"; Value = "X5R"; VariantName = "[No Variations]"
Add component (AddParameter): Name = "Height"; Value = "0.8mm"; VariantName = "[No Variations]"
Add component (AddParameter): Name = "IRNAS Part No."; Value = "/"; VariantName = "[No Variations]"
Add component (AddParameter): Name = "Lead Free"; Value = "Lead Free"; VariantName = "[No Variations]"
Add component (AddParameter): Name = "Length"; Value = "1.6mm"; VariantName = "[No Variations]"
Add component (AddParameter): Name = "Manufacturer"; Value = "Samsung"; VariantName = "[No Variations]"
Add component (AddParameter): Name = "Manufacturer Part Number"; Value = "CL10A106KP8NNNC"; VariantName = "[No Variations]"
Add component (AddParameter): Name = "Material"; Value = "Ceramic"; VariantName = "[No Variations]"
Add component (AddParameter): Name = "Max Operating Temperature"; Value = "85°C"; VariantName = "[No Variations]"
Add component (AddParameter): Name = "Min Operating Temperature"; Value = "-55°C"; VariantName = "[No Variations]"
Add component (AddParameter): Name = "Mount"; Value = "Surface Mount"; VariantName = "[No Variations]"
Add component (AddParameter): Name = "Package Quantity"; Value = "1"; VariantName = "[No Variations]"
Add component (AddParameter): Name = "Packaging"; Value = "Tape and Reel"; VariantName = "[No Variations]"
Add component (AddParameter): Name = "Pricing 1"; Value = "1=0.36, 10=0.248, 100=0.1403, 500=0.099, 1000=0.08663 (USD)"; VariantName = "[No Variations]"
Add component (AddParameter): Name = "Radiation Hardening"; Value = "No"; VariantName = "[No Variations]"
Add component (AddParameter): Name = "Stock 1"; Value = "2844657"; VariantName = "[No Variations]"
Add component (AddParameter): Name = "Supplier 1"; Value = "Farnell"; VariantName = "[No Variations]"
Add component (AddParameter): Name = "Supplier Part Number 1"; Value = "2456110"; VariantName = "[No Variations]"
Add component (AddParameter): Name = "Thickness"; Value = "0.035inch"; VariantName = "[No Variations]"
Add component (AddParameter): Name = "Tolerance"; Value = "10%"; VariantName = "[No Variations]"
Add component (AddParameter): Name = "Voltage Rating"; Value = "10V"; VariantName = "[No Variations]"
Add component (AddParameter): Name = "Voltage Rating (DC)"; Value = "10V"; VariantName = "[No Variations]"
Add component (AddParameter): Name = "Width"; Value = "0.031inch"; VariantName = "[No Variations]"
Add component (AddParameter): Name = "Capacitance"; Value = "10uF"; VariantName = "BASIC"
Add component (AddParameter): Name = "Case/Package"; Value = "0603"; VariantName = "BASIC"
Add component (AddParameter): Name = "Case Code (Imperial)"; Value = "0603"; VariantName = "BASIC"
Add component (AddParameter): Name = "Case Code (Metric)"; Value = "1608"; VariantName = "BASIC"
Add component (AddParameter): Name = "ComponentLink1Description"; Value = "https://www.verical.com/server-webapp/html/getDatasheet?partID=359551"; VariantName = "BASIC"
Add component (AddParameter): Name = "ComponentLink1URL"; Value = "https://www.verical.com/server-webapp/html/getDatasheet?partID=359551"; VariantName = "BASIC"
Add component (AddParameter): Name = "ComponentLink2Description"; Value = "http://www1.futureelectronics.com/doc/SAMSUNG%20PASSIVE/CL05B104KQ5NNNC.pdf"; VariantName = "BASIC"
Add component (AddParameter): Name = "ComponentLink2URL"; Value = "http://www1.futureelectronics.com/doc/SAMSUNG%20PASSIVE/CL05B104KQ5NNNC.pdf"; VariantName = "BASIC"
Add component (AddParameter): Name = "ComponentLink3Description"; Value = "https://produktinfo.conrad.com/datenblaetter/450000-474999/457369-da-01-en-VS_KONDENSATOR_0603.pdf"; VariantName = "BASIC"
Add component (AddParameter): Name = "ComponentLink3URL"; Value = "https://produktinfo.conrad.com/datenblaetter/450000-474999/457369-da-01-en-VS_KONDENSATOR_0603.pdf"; VariantName = "BASIC"
Add component (AddParameter): Name = "Contact Plating"; Value = "Tin"; VariantName = "BASIC"
Add component (AddParameter): Name = "Depth"; Value = "0.8mm"; VariantName = "BASIC"
Add component (AddParameter): Name = "Dielectric"; Value = "X5R"; VariantName = "BASIC"
Add component (AddParameter): Name = "Height"; Value = "0.8mm"; VariantName = "BASIC"
Add component (AddParameter): Name = "IRNAS Part No."; Value = "/"; VariantName = "BASIC"
Add component (AddParameter): Name = "Lead Free"; Value = "Lead Free"; VariantName = "BASIC"
Add component (AddParameter): Name = "Length"; Value = "1.6mm"; VariantName = "BASIC"
Add component (AddParameter): Name = "Manufacturer"; Value = "Samsung"; VariantName = "BASIC"
Add component (AddParameter): Name = "Manufacturer Part Number"; Value = "CL10A106KP8NNNC"; VariantName = "BASIC"
Add component (AddParameter): Name = "Material"; Value = "Ceramic"; VariantName = "BASIC"
Add component (AddParameter): Name = "Max Operating Temperature"; Value = "85°C"; VariantName = "BASIC"
Add component (AddParameter): Name = "Min Operating Temperature"; Value = "-55°C"; VariantName = "BASIC"
Add component (AddParameter): Name = "Mount"; Value = "Surface Mount"; VariantName = "BASIC"
Add component (AddParameter): Name = "Package Quantity"; Value = "1"; VariantName = "BASIC"
Add component (AddParameter): Name = "Packaging"; Value = "Tape and Reel"; VariantName = "BASIC"
Add component (AddParameter): Name = "Pricing 1"; Value = "1=0.36, 10=0.248, 100=0.1403, 500=0.099, 1000=0.08663 (USD)"; VariantName = "BASIC"
Add component (AddParameter): Name = "Radiation Hardening"; Value = "No"; VariantName = "BASIC"
Add component (AddParameter): Name = "Stock 1"; Value = "2844657"; VariantName = "BASIC"
Add component (AddParameter): Name = "Supplier 1"; Value = "Farnell"; VariantName = "BASIC"
Add component (AddParameter): Name = "Supplier Part Number 1"; Value = "2456110"; VariantName = "BASIC"
Add component (AddParameter): Name = "Thickness"; Value = "0.035inch"; VariantName = "BASIC"
Add component (AddParameter): Name = "Tolerance"; Value = "10%"; VariantName = "BASIC"
Add component (AddParameter): Name = "Voltage Rating"; Value = "10V"; VariantName = "BASIC"
Add component (AddParameter): Name = "Voltage Rating (DC)"; Value = "10V"; VariantName = "BASIC"
Add component (AddParameter): Name = "Width"; Value = "0.031inch"; VariantName = "BASIC"
Added Component: Designator=P2(BATTERY HOLDER 18650)
Add component. Clean all parameters for all variants
Added Component: Designator=TAB2(WP-THRBU REDCUBE)
Add component. Clean all parameters for all variants
Add component (AddParameter): Name = "ComponentLink1Description"; Value = "Datasheet"; VariantName = "[No Variations]"
Add component (AddParameter): Name = "ComponentLink1URL"; Value = "https://katalog.we-online.com/em/datasheet/74650173.pdf"; VariantName = "[No Variations]"
Add component (AddParameter): Name = "Supplier 1"; Value = "Farnell"; VariantName = "[No Variations]"
Add component (AddParameter): Name = "Supplier Part Number 1"; Value = "2748948"; VariantName = "[No Variations]"
Add component (AddParameter): Name = "ComponentLink1Description"; Value = "Datasheet"; VariantName = "BASIC"
Add component (AddParameter): Name = "ComponentLink1URL"; Value = "https://katalog.we-online.com/em/datasheet/74650173.pdf"; VariantName = "BASIC"
Add component (AddParameter): Name = "Supplier 1"; Value = "Farnell"; VariantName = "BASIC"
Add component (AddParameter): Name = "Supplier Part Number 1"; Value = "2748948"; VariantName = "BASIC"
Added Component: Designator=TAB4(WP-THRBU REDCUBE)
Add component. Clean all parameters for all variants
Add component (AddParameter): Name = "ComponentLink1Description"; Value = "Datasheet"; VariantName = "[No Variations]"
Add component (AddParameter): Name = "ComponentLink1URL"; Value = "https://katalog.we-online.com/em/datasheet/74650173.pdf"; VariantName = "[No Variations]"
Add component (AddParameter): Name = "Supplier 1"; Value = "Farnell"; VariantName = "[No Variations]"
Add component (AddParameter): Name = "Supplier Part Number 1"; Value = "2748948"; VariantName = "[No Variations]"
Add component (AddParameter): Name = "ComponentLink1Description"; Value = "Datasheet"; VariantName = "BASIC"
Add component (AddParameter): Name = "ComponentLink1URL"; Value = "https://katalog.we-online.com/em/datasheet/74650173.pdf"; VariantName = "BASIC"
Add component (AddParameter): Name = "Supplier 1"; Value = "Farnell"; VariantName = "BASIC"
Add component (AddParameter): Name = "Supplier Part Number 1"; Value = "2748948"; VariantName = "BASIC"
Added Component: Designator=TP1(TestPoint:1.2x1.2mm)
Add component. Clean all parameters for all variants
Add component (AddParameter): Name = "Author"; Value = ""; VariantName = "[No Variations]"
Add component (AddParameter): Name = "ComponentLink1Description"; Value = "Datasheet"; VariantName = "[No Variations]"
Add component (AddParameter): Name = "ComponentLink1URL"; Value = ""; VariantName = "[No Variations]"
Add component (AddParameter): Name = "Date"; Value = ""; VariantName = "[No Variations]"
Add component (AddParameter): Name = "ELRAD Id sifra / ELRAD Id No"; Value = ""; VariantName = "[No Variations]"
Add component (AddParameter): Name = "FIT"; Value = "0.94"; VariantName = "[No Variations]"
Add component (AddParameter): Name = "Komp / Device"; Value = "SMD"; VariantName = "[No Variations]"
Add component (AddParameter): Name = "Manufacturer No"; Value = ""; VariantName = "[No Variations]"
Add component (AddParameter): Name = "Opis / Description"; Value = ""; VariantName = "[No Variations]"
Add component (AddParameter): Name = "Opomba / Remark"; Value = ""; VariantName = "[No Variations]"
Add component (AddParameter): Name = "Toleranca / Tolerance"; Value = ""; VariantName = "[No Variations]"
Add component (AddParameter): Name = "Value"; Value = ""; VariantName = "[No Variations]"
Add component (AddParameter): Name = "Velikost / Size"; Value = ""; VariantName = "[No Variations]"
Added Component: Designator=TP2(TestPoint:1.2x1.2mm)
Add component. Clean all parameters for all variants
Add component (AddParameter): Name = "Author"; Value = ""; VariantName = "[No Variations]"
Add component (AddParameter): Name = "ComponentLink1Description"; Value = "Datasheet"; VariantName = "[No Variations]"
Add component (AddParameter): Name = "ComponentLink1URL"; Value = ""; VariantName = "[No Variations]"
Add component (AddParameter): Name = "Date"; Value = ""; VariantName = "[No Variations]"
Add component (AddParameter): Name = "ELRAD Id sifra / ELRAD Id No"; Value = ""; VariantName = "[No Variations]"
Add component (AddParameter): Name = "FIT"; Value = "0.94"; VariantName = "[No Variations]"
Add component (AddParameter): Name = "Komp / Device"; Value = "SMD"; VariantName = "[No Variations]"
Add component (AddParameter): Name = "Manufacturer No"; Value = ""; VariantName = "[No Variations]"
Add component (AddParameter): Name = "Opis / Description"; Value = ""; VariantName = "[No Variations]"
Add component (AddParameter): Name = "Opomba / Remark"; Value = ""; VariantName = "[No Variations]"
Add component (AddParameter): Name = "Toleranca / Tolerance"; Value = ""; VariantName = "[No Variations]"
Add component (AddParameter): Name = "Value"; Value = ""; VariantName = "[No Variations]"
Add component (AddParameter): Name = "Velikost / Size"; Value = ""; VariantName = "[No Variations]"
Added Component: Designator=TP3(TestPoint:1.2x1.2mm)
Add component. Clean all parameters for all variants
Add component (AddParameter): Name = "Author"; Value = ""; VariantName = "[No Variations]"
Add component (AddParameter): Name = "ComponentLink1Description"; Value = "Datasheet"; VariantName = "[No Variations]"
Add component (AddParameter): Name = "ComponentLink1URL"; Value = ""; VariantName = "[No Variations]"
Add component (AddParameter): Name = "Date"; Value = ""; VariantName = "[No Variations]"
Add component (AddParameter): Name = "ELRAD Id sifra / ELRAD Id No"; Value = ""; VariantName = "[No Variations]"
Add component (AddParameter): Name = "FIT"; Value = "0.94"; VariantName = "[No Variations]"
Add component (AddParameter): Name = "Komp / Device"; Value = "SMD"; VariantName = "[No Variations]"
Add component (AddParameter): Name = "Manufacturer No"; Value = ""; VariantName = "[No Variations]"
Add component (AddParameter): Name = "Opis / Description"; Value = ""; VariantName = "[No Variations]"
Add component (AddParameter): Name = "Opomba / Remark"; Value = ""; VariantName = "[No Variations]"
Add component (AddParameter): Name = "Toleranca / Tolerance"; Value = ""; VariantName = "[No Variations]"
Add component (AddParameter): Name = "Value"; Value = ""; VariantName = "[No Variations]"
Add component (AddParameter): Name = "Velikost / Size"; Value = ""; VariantName = "[No Variations]"
Added Component: Designator=TP4(TestPoint:1.2x1.2mm)
Add component. Clean all parameters for all variants
Add component (AddParameter): Name = "Author"; Value = ""; VariantName = "[No Variations]"
Add component (AddParameter): Name = "ComponentLink1Description"; Value = "Datasheet"; VariantName = "[No Variations]"
Add component (AddParameter): Name = "ComponentLink1URL"; Value = ""; VariantName = "[No Variations]"
Add component (AddParameter): Name = "Date"; Value = ""; VariantName = "[No Variations]"
Add component (AddParameter): Name = "ELRAD Id sifra / ELRAD Id No"; Value = ""; VariantName = "[No Variations]"
Add component (AddParameter): Name = "FIT"; Value = "0.94"; VariantName = "[No Variations]"
Add component (AddParameter): Name = "Komp / Device"; Value = "SMD"; VariantName = "[No Variations]"
Add component (AddParameter): Name = "Manufacturer No"; Value = ""; VariantName = "[No Variations]"
Add component (AddParameter): Name = "Opis / Description"; Value = ""; VariantName = "[No Variations]"
Add component (AddParameter): Name = "Opomba / Remark"; Value = ""; VariantName = "[No Variations]"
Add component (AddParameter): Name = "Toleranca / Tolerance"; Value = ""; VariantName = "[No Variations]"
Add component (AddParameter): Name = "Value"; Value = ""; VariantName = "[No Variations]"
Add component (AddParameter): Name = "Velikost / Size"; Value = ""; VariantName = "[No Variations]"
Added Pin To Net: NetName=GND Pin=C25-1
Added Pin To Net: NetName=+1.8V Pin=C25-2
Added Pin To Net: NetName=GND Pin=C26-1
Added Pin To Net: NetName=+1.8V Pin=C26-2
Added Pin To Net: NetName=GND Pin=C27-1
Added Pin To Net: NetName=+1.8V Pin=C27-2
Added Pin To Net: NetName=VBAT Pin=P2-1
Added Pin To Net: NetName=GND_BAT Pin=P2-2
Added Pin To Net: NetName=AC+ Pin=TAB2-1
Added Pin To Net: NetName=AC+ Pin=TAB2-1
Added Pin To Net: NetName=AC+ Pin=TAB2-1
Added Pin To Net: NetName=AC+ Pin=TAB2-1
Added Pin To Net: NetName=AC- Pin=TAB4-1
Added Pin To Net: NetName=AC- Pin=TAB4-1
Added Pin To Net: NetName=AC- Pin=TAB4-1
Added Pin To Net: NetName=AC- Pin=TAB4-1
Added Pin To Net: NetName=NetTP1_0 Pin=TP1-0
Added Pin To Net: NetName=NetTP2_0 Pin=TP2-0
Added Pin To Net: NetName=RXD Pin=TP3-0
Added Pin To Net: NetName=TXD Pin=TP4-0
Change Net Name : Old Net Name=CHG_EN New Net Name=CHG_DIS
Added Member To Class: ClassName=POWER Member=Component C25 10uF
Added Member To Class: ClassName=POWER Member=Component C26 10uF
Added Member To Class: ClassName=POWER Member=Component C27 10uF
Added Member To Class: ClassName=POWER Member=Component P2 BAT - 18650
Added Member To Class: ClassName=POWER Member=Component TAB2 WP-THRBU REDCUBE
Added Member To Class: ClassName=POWER Member=Component TAB4 WP-THRBU REDCUBE
Added Member To Class: ClassName=GPS Member=Component TP1 TestPoint
Added Member To Class: ClassName=GPS Member=Component TP2 TestPoint
Added Member To Class: ClassName=GPS Member=Component TP3 TestPoint
Added Member To Class: ClassName=GPS Member=Component TP4 TestPoint
