Removed Pin From Net: NetName=+2.5V Pin=C37-1
Removed Pin From Net: NetName=GND Pin=C37-2
Removed Pin From Net: NetName=GND Pin=C38-1
Removed Pin From Net: NetName=+2.5V Pin=C38-2
Removed Pin From Net: NetName=SCL Pin=U11-1
Removed Pin From Net: NetName=SDA Pin=U11-4
Removed Pin From Net: NetName=GND Pin=U11-5
Removed Pin From Net: NetName=GND Pin=U11-6
Removed Pin From Net: NetName=GND Pin=U11-7
Removed Pin From Net: NetName=GND Pin=U11-8
Removed Pin From Net: NetName=+2.5V Pin=U11-9
Removed Pin From Net: NetName=+2.5V Pin=U11-10
Removed Pin From Net: NetName=A_INT2 Pin=U11-11
Removed Pin From Net: NetName=A_INT1 Pin=U11-12
Removed Member From Class: ClassName=SENSORS Member=C37
Removed Member From Class: ClassName=SENSORS Member=C38
Removed Member From Class: ClassName=SENSORS Member=U11
Change component parameters: Designator = "T2"; Footprint = "VMT6"; UniqueID = "\UNDBIPYY"
Change component parameters. Clean all parameters for all variants
Change component parameters (AddParameter): Name = "Author"; Value = "Ciril Golob"; VariantName = "[No Variations]"
Change component parameters (AddParameter): Name = "ComponentLink1Description"; Value = "Datasheet"; VariantName = "[No Variations]"
Change component parameters (AddParameter ignored because duplicated): Name = "ComponentLINK1Description"; Value = "Datasheet"; VariantName = "[No Variations]"
Change component parameters (AddParameter): Name = "ComponentLink1URL"; Value = "http://www.farnell.com/datasheets/2198041.pdf?_ga=2.191543850.1451481302.1563774341-1373726713.1554121096&_gac=1.95045230.1562763802.CjwKCAjwmZbpBRAGEiwADrmVXm8xT8OHDZvJe8qZIQyyGmIuiUD-TEITatw0hIdDkyBwIXXCH7oneRoCl7cQAvD_BwE"; VariantName = "[No Variations]"
Change component parameters (AddParameter ignored because duplicated): Name = "ComponentLINK1URL"; Value = "c:\ELRADSVN\Altium_Library\Libraries\Active\Datasheet\BSS123.pdf"; VariantName = "[No Variations]"
Change component parameters (AddParameter): Name = "ComponentLINK2Description"; Value = "Datasheet www"; VariantName = "[No Variations]"
Change component parameters (AddParameter): Name = "ComponentLINK2URL"; Value = "http://www.onsemi.com/pub/Collateral/BSS123-D.PDF"; VariantName = "[No Variations]"
Change component parameters (AddParameter): Name = "Date"; Value = "11.07.2018"; VariantName = "[No Variations]"
Change component parameters (AddParameter): Name = "ELRAD Id sifra / ELRAD Id No"; Value = "597778"; VariantName = "[No Variations]"
Change component parameters (AddParameter): Name = "FIT"; Value = "0.44"; VariantName = "[No Variations]"
Change component parameters (AddParameter): Name = "Komp / Device"; Value = "SMD"; VariantName = "[No Variations]"
Change component parameters (AddParameter): Name = "Manufacturer No"; Value = ""; VariantName = "[No Variations]"
Change component parameters (AddParameter): Name = "Opis / Description"; Value = "MOSFET BSS123       /N-Channel"; VariantName = "[No Variations]"
Change component parameters (AddParameter): Name = "Opomba / Remark"; Value = ""; VariantName = "[No Variations]"
Change component parameters (AddParameter): Name = "Supplier 1"; Value = "Farnell"; VariantName = "[No Variations]"
Change component parameters (AddParameter): Name = "Supplier Part Number 1"; Value = "2706721"; VariantName = "[No Variations]"
Change component parameters (AddParameter): Name = "Toleranca / Tolerance"; Value = ""; VariantName = "[No Variations]"
Change component parameters (AddParameter): Name = "Value"; Value = "BSS123"; VariantName = "[No Variations]"
Change component parameters (AddParameter): Name = "Velikost / Size"; Value = "SOT23"; VariantName = "[No Variations]"
Change component parameters: Designator = "T3"; Footprint = "VMT6"; UniqueID = "\POUPMBIJ\VXQVOJXM"
Change component parameters. Clean all parameters for all variants
Change component parameters (AddParameter): Name = "Author"; Value = "Ciril Golob"; VariantName = "[No Variations]"
Change component parameters (AddParameter): Name = "ComponentLink1Description"; Value = "Datasheet"; VariantName = "[No Variations]"
Change component parameters (AddParameter ignored because duplicated): Name = "ComponentLINK1Description"; Value = "Datasheet"; VariantName = "[No Variations]"
Change component parameters (AddParameter): Name = "ComponentLink1URL"; Value = "http://www.farnell.com/datasheets/2198041.pdf?_ga=2.191543850.1451481302.1563774341-1373726713.1554121096&_gac=1.95045230.1562763802.CjwKCAjwmZbpBRAGEiwADrmVXm8xT8OHDZvJe8qZIQyyGmIuiUD-TEITatw0hIdDkyBwIXXCH7oneRoCl7cQAvD_BwE"; VariantName = "[No Variations]"
Change component parameters (AddParameter ignored because duplicated): Name = "ComponentLINK1URL"; Value = "c:\ELRADSVN\Altium_Library\Libraries\Active\Datasheet\BSS123.pdf"; VariantName = "[No Variations]"
Change component parameters (AddParameter): Name = "ComponentLINK2Description"; Value = "Datasheet www"; VariantName = "[No Variations]"
Change component parameters (AddParameter): Name = "ComponentLINK2URL"; Value = "http://www.onsemi.com/pub/Collateral/BSS123-D.PDF"; VariantName = "[No Variations]"
Change component parameters (AddParameter): Name = "Date"; Value = "11.07.2018"; VariantName = "[No Variations]"
Change component parameters (AddParameter): Name = "ELRAD Id sifra / ELRAD Id No"; Value = "597778"; VariantName = "[No Variations]"
Change component parameters (AddParameter): Name = "FIT"; Value = "0.44"; VariantName = "[No Variations]"
Change component parameters (AddParameter): Name = "Komp / Device"; Value = "SMD"; VariantName = "[No Variations]"
Change component parameters (AddParameter): Name = "Manufacturer No"; Value = ""; VariantName = "[No Variations]"
Change component parameters (AddParameter): Name = "Opis / Description"; Value = "MOSFET BSS123       /N-Channel"; VariantName = "[No Variations]"
Change component parameters (AddParameter): Name = "Opomba / Remark"; Value = ""; VariantName = "[No Variations]"
Change component parameters (AddParameter): Name = "Supplier 1"; Value = "Farnell"; VariantName = "[No Variations]"
Change component parameters (AddParameter): Name = "Supplier Part Number 1"; Value = "2706721"; VariantName = "[No Variations]"
Change component parameters (AddParameter): Name = "Toleranca / Tolerance"; Value = ""; VariantName = "[No Variations]"
Change component parameters (AddParameter): Name = "Value"; Value = "BSS123"; VariantName = "[No Variations]"
Change component parameters (AddParameter): Name = "Velikost / Size"; Value = "SOT23"; VariantName = "[No Variations]"
Change component parameters: Designator = "T4"; Footprint = "SOT23-3AL"; UniqueID = "\UYMNCRWJ\GENNHTQI"
Change component parameters. Clean all parameters for all variants
Change component parameters (AddParameter): Name = "Author"; Value = "Ciril Golob"; VariantName = "[No Variations]"
Change component parameters (AddParameter): Name = "ComponentLINK1Description"; Value = "Datasheet"; VariantName = "[No Variations]"
Change component parameters (AddParameter ignored because duplicated): Name = "ComponentLink1Description"; Value = "Datasheet"; VariantName = "[No Variations]"
Change component parameters (AddParameter): Name = "ComponentLINK1URL"; Value = "c:\ELRADSVN\Altium_Library\Libraries\Active\Datasheet\BSS123.pdf"; VariantName = "[No Variations]"
Change component parameters (AddParameter ignored because duplicated): Name = "ComponentLink1URL"; Value = "http://www.farnell.com/datasheets/2814387.pdf?_ga=2.180867175.1196948029.1566195061-1373726713.1554121096&_gac=1.87830250.1562763802.CjwKCAjwmZbpBRAGEiwADrmVXm8xT8OHDZvJe8qZIQyyGmIuiUD-TEITatw0hIdDkyBwIXXCH7oneRoCl7cQAvD_BwE"; VariantName = "[No Variations]"
Change component parameters (AddParameter): Name = "ComponentLINK2Description"; Value = "Datasheet www"; VariantName = "[No Variations]"
Change component parameters (AddParameter): Name = "ComponentLINK2URL"; Value = "http://www.onsemi.com/pub/Collateral/BSS123-D.PDF"; VariantName = "[No Variations]"
Change component parameters (AddParameter): Name = "Date"; Value = "11.07.2018"; VariantName = "[No Variations]"
Change component parameters (AddParameter): Name = "ELRAD Id sifra / ELRAD Id No"; Value = "597778"; VariantName = "[No Variations]"
Change component parameters (AddParameter): Name = "FIT"; Value = "0.44"; VariantName = "[No Variations]"
Change component parameters (AddParameter): Name = "Komp / Device"; Value = "SMD"; VariantName = "[No Variations]"
Change component parameters (AddParameter): Name = "Manufacturer No"; Value = ""; VariantName = "[No Variations]"
Change component parameters (AddParameter): Name = "Opis / Description"; Value = "MOSFET BSS123       /N-Channel"; VariantName = "[No Variations]"
Change component parameters (AddParameter): Name = "Opomba / Remark"; Value = ""; VariantName = "[No Variations]"
Change component parameters (AddParameter): Name = "Supplier 1"; Value = "Farnell"; VariantName = "[No Variations]"
Change component parameters (AddParameter): Name = "Supplier Part Number 1"; Value = "3127315"; VariantName = "[No Variations]"
Change component parameters (AddParameter): Name = "Toleranca / Tolerance"; Value = ""; VariantName = "[No Variations]"
Change component parameters (AddParameter): Name = "Value"; Value = "BSS123"; VariantName = "[No Variations]"
Change component parameters (AddParameter): Name = "Velikost / Size"; Value = "SOT23"; VariantName = "[No Variations]"
Change component parameters: Designator = "T5"; Footprint = "SOT23-3AL"; UniqueID = "\UYMNCRWJ\KVGIZMGH"
Change component parameters. Clean all parameters for all variants
Change component parameters (AddParameter): Name = "Author"; Value = "Ciril Golob"; VariantName = "[No Variations]"
Change component parameters (AddParameter): Name = "ComponentLINK1Description"; Value = "Datasheet"; VariantName = "[No Variations]"
Change component parameters (AddParameter ignored because duplicated): Name = "ComponentLink1Description"; Value = "Datasheet"; VariantName = "[No Variations]"
Change component parameters (AddParameter): Name = "ComponentLINK1URL"; Value = "c:\ELRADSVN\Altium_Library\Libraries\Active\Datasheet\BSS123.pdf"; VariantName = "[No Variations]"
Change component parameters (AddParameter ignored because duplicated): Name = "ComponentLink1URL"; Value = "http://www.farnell.com/datasheets/2148574.pdf?_ga=2.241812546.1501170171.1569221802-1373726713.1554121096&_gac=1.51911131.1567774175.Cj0KCQjwh8jrBRDQARIsAH7BsXewc7Dwr4vpljjl78IYTw8YgbCKKX8PqbiwpEZSRALCWSJq0A6KVZoaAvm4EALw_wcB"; VariantName = "[No Variations]"
Change component parameters (AddParameter): Name = "ComponentLINK2Description"; Value = "Datasheet www"; VariantName = "[No Variations]"
Change component parameters (AddParameter): Name = "ComponentLINK2URL"; Value = "http://www.onsemi.com/pub/Collateral/BSS123-D.PDF"; VariantName = "[No Variations]"
Change component parameters (AddParameter): Name = "Date"; Value = "11.07.2018"; VariantName = "[No Variations]"
Change component parameters (AddParameter): Name = "ELRAD Id sifra / ELRAD Id No"; Value = "597778"; VariantName = "[No Variations]"
Change component parameters (AddParameter): Name = "FIT"; Value = "0.44"; VariantName = "[No Variations]"
Change component parameters (AddParameter): Name = "Komp / Device"; Value = "SMD"; VariantName = "[No Variations]"
Change component parameters (AddParameter): Name = "Manufacturer No"; Value = ""; VariantName = "[No Variations]"
Change component parameters (AddParameter): Name = "Opis / Description"; Value = "MOSFET BSS123       /N-Channel"; VariantName = "[No Variations]"
Change component parameters (AddParameter): Name = "Opomba / Remark"; Value = ""; VariantName = "[No Variations]"
Change component parameters (AddParameter): Name = "Supplier 1"; Value = "Farnell"; VariantName = "[No Variations]"
Change component parameters (AddParameter): Name = "Supplier Part Number 1"; Value = "2646371"; VariantName = "[No Variations]"
Change component parameters (AddParameter): Name = "Toleranca / Tolerance"; Value = ""; VariantName = "[No Variations]"
Change component parameters (AddParameter): Name = "Value"; Value = "BSS123"; VariantName = "[No Variations]"
Change component parameters (AddParameter): Name = "Velikost / Size"; Value = "SOT23"; VariantName = "[No Variations]"
Change component parameters: Designator = "T6"; Footprint = "SOT23-3AL"; UniqueID = "\UYMNCRWJ\ZECBJRNH"
Change component parameters. Clean all parameters for all variants
Change component parameters (AddParameter): Name = "Author"; Value = "Ciril Golob"; VariantName = "[No Variations]"
Change component parameters (AddParameter): Name = "ComponentLINK1Description"; Value = "Datasheet"; VariantName = "[No Variations]"
Change component parameters (AddParameter ignored because duplicated): Name = "ComponentLink1Description"; Value = "Datasheet"; VariantName = "[No Variations]"
Change component parameters (AddParameter): Name = "ComponentLINK1URL"; Value = "c:\ELRADSVN\Altium_Library\Libraries\Active\Datasheet\BSS123.pdf"; VariantName = "[No Variations]"
Change component parameters (AddParameter ignored because duplicated): Name = "ComponentLink1URL"; Value = "http://www.farnell.com/datasheets/2148574.pdf?_ga=2.241812546.1501170171.1569221802-1373726713.1554121096&_gac=1.51911131.1567774175.Cj0KCQjwh8jrBRDQARIsAH7BsXewc7Dwr4vpljjl78IYTw8YgbCKKX8PqbiwpEZSRALCWSJq0A6KVZoaAvm4EALw_wcB"; VariantName = "[No Variations]"
Change component parameters (AddParameter): Name = "ComponentLINK2Description"; Value = "Datasheet www"; VariantName = "[No Variations]"
Change component parameters (AddParameter): Name = "ComponentLINK2URL"; Value = "http://www.onsemi.com/pub/Collateral/BSS123-D.PDF"; VariantName = "[No Variations]"
Change component parameters (AddParameter): Name = "Date"; Value = "11.07.2018"; VariantName = "[No Variations]"
Change component parameters (AddParameter): Name = "ELRAD Id sifra / ELRAD Id No"; Value = "597778"; VariantName = "[No Variations]"
Change component parameters (AddParameter): Name = "FIT"; Value = "0.44"; VariantName = "[No Variations]"
Change component parameters (AddParameter): Name = "Komp / Device"; Value = "SMD"; VariantName = "[No Variations]"
Change component parameters (AddParameter): Name = "Manufacturer No"; Value = ""; VariantName = "[No Variations]"
Change component parameters (AddParameter): Name = "Opis / Description"; Value = "MOSFET BSS123       /N-Channel"; VariantName = "[No Variations]"
Change component parameters (AddParameter): Name = "Opomba / Remark"; Value = ""; VariantName = "[No Variations]"
Change component parameters (AddParameter): Name = "Supplier 1"; Value = "Farnell"; VariantName = "[No Variations]"
Change component parameters (AddParameter): Name = "Supplier Part Number 1"; Value = "2646371"; VariantName = "[No Variations]"
Change component parameters (AddParameter): Name = "Toleranca / Tolerance"; Value = ""; VariantName = "[No Variations]"
Change component parameters (AddParameter): Name = "Value"; Value = "BSS123"; VariantName = "[No Variations]"
Change component parameters (AddParameter): Name = "Velikost / Size"; Value = "SOT23"; VariantName = "[No Variations]"
Added Component: Designator=C5(CAP0603)
Add component. Clean all parameters for all variants
Add component (AddParameter): Name = "Capacitance"; Value = "10uF"; VariantName = "[No Variations]"
Add component (AddParameter): Name = "Case/Package"; Value = "0603"; VariantName = "[No Variations]"
Add component (AddParameter): Name = "Case Code (Imperial)"; Value = "0603"; VariantName = "[No Variations]"
Add component (AddParameter): Name = "Case Code (Metric)"; Value = "1608"; VariantName = "[No Variations]"
Add component (AddParameter): Name = "ComponentLink1Description"; Value = "https://www.verical.com/server-webapp/html/getDatasheet?partID=359551"; VariantName = "[No Variations]"
Add component (AddParameter): Name = "ComponentLink1URL"; Value = "https://www.verical.com/server-webapp/html/getDatasheet?partID=359551"; VariantName = "[No Variations]"
Add component (AddParameter): Name = "ComponentLink2Description"; Value = "http://www1.futureelectronics.com/doc/SAMSUNG%20PASSIVE/CL05B104KQ5NNNC.pdf"; VariantName = "[No Variations]"
Add component (AddParameter): Name = "ComponentLink2URL"; Value = "http://www1.futureelectronics.com/doc/SAMSUNG%20PASSIVE/CL05B104KQ5NNNC.pdf"; VariantName = "[No Variations]"
Add component (AddParameter): Name = "ComponentLink3Description"; Value = "https://produktinfo.conrad.com/datenblaetter/450000-474999/457369-da-01-en-VS_KONDENSATOR_0603.pdf"; VariantName = "[No Variations]"
Add component (AddParameter): Name = "ComponentLink3URL"; Value = "https://produktinfo.conrad.com/datenblaetter/450000-474999/457369-da-01-en-VS_KONDENSATOR_0603.pdf"; VariantName = "[No Variations]"
Add component (AddParameter): Name = "Contact Plating"; Value = "Tin"; VariantName = "[No Variations]"
Add component (AddParameter): Name = "Depth"; Value = "0.8mm"; VariantName = "[No Variations]"
Add component (AddParameter): Name = "Dielectric"; Value = "X5R"; VariantName = "[No Variations]"
Add component (AddParameter): Name = "Height"; Value = "0.8mm"; VariantName = "[No Variations]"
Add component (AddParameter): Name = "IRNAS Part No."; Value = "/"; VariantName = "[No Variations]"
Add component (AddParameter): Name = "Lead Free"; Value = "Lead Free"; VariantName = "[No Variations]"
Add component (AddParameter): Name = "Length"; Value = "1.6mm"; VariantName = "[No Variations]"
Add component (AddParameter): Name = "Manufacturer"; Value = "Samsung"; VariantName = "[No Variations]"
Add component (AddParameter): Name = "Manufacturer Part Number"; Value = "CL10A106KP8NNNC"; VariantName = "[No Variations]"
Add component (AddParameter): Name = "Material"; Value = "Ceramic"; VariantName = "[No Variations]"
Add component (AddParameter): Name = "Max Operating Temperature"; Value = "85°C"; VariantName = "[No Variations]"
Add component (AddParameter): Name = "Min Operating Temperature"; Value = "-55°C"; VariantName = "[No Variations]"
Add component (AddParameter): Name = "Mount"; Value = "Surface Mount"; VariantName = "[No Variations]"
Add component (AddParameter): Name = "Package Quantity"; Value = "1"; VariantName = "[No Variations]"
Add component (AddParameter): Name = "Packaging"; Value = "Tape and Reel"; VariantName = "[No Variations]"
Add component (AddParameter): Name = "Pricing 1"; Value = "1=0.36, 10=0.248, 100=0.1403, 500=0.099, 1000=0.08663 (USD)"; VariantName = "[No Variations]"
Add component (AddParameter): Name = "Radiation Hardening"; Value = "No"; VariantName = "[No Variations]"
Add component (AddParameter): Name = "Stock 1"; Value = "2844657"; VariantName = "[No Variations]"
Add component (AddParameter): Name = "Supplier 1"; Value = "Farnell"; VariantName = "[No Variations]"
Add component (AddParameter): Name = "Supplier Part Number 1"; Value = "2456110"; VariantName = "[No Variations]"
Add component (AddParameter): Name = "Thickness"; Value = "0.035inch"; VariantName = "[No Variations]"
Add component (AddParameter): Name = "Tolerance"; Value = "10%"; VariantName = "[No Variations]"
Add component (AddParameter): Name = "Voltage Rating"; Value = "10V"; VariantName = "[No Variations]"
Add component (AddParameter): Name = "Voltage Rating (DC)"; Value = "10V"; VariantName = "[No Variations]"
Add component (AddParameter): Name = "Width"; Value = "0.031inch"; VariantName = "[No Variations]"
Added Component: Designator=C6(CAP0402)
Add component. Clean all parameters for all variants
Add component (AddParameter): Name = "Capacitance"; Value = "100nF"; VariantName = "[No Variations]"
Add component (AddParameter): Name = "Case Code (Imperial)"; Value = "0402"; VariantName = "[No Variations]"
Add component (AddParameter): Name = "Case Code (Metric)"; Value = "1005"; VariantName = "[No Variations]"
Add component (AddParameter): Name = "ComponentLink1Description"; Value = "http://www.farnell.com/datasheets/2117933.pdf"; VariantName = "[No Variations]"
Add component (AddParameter): Name = "ComponentLink1URL"; Value = "http://www.farnell.com/datasheets/2117933.pdf"; VariantName = "[No Variations]"
Add component (AddParameter): Name = "ComponentLink2Description"; Value = "http://www.farnell.com/datasheets/2117900.pdf"; VariantName = "[No Variations]"
Add component (AddParameter): Name = "ComponentLink2URL"; Value = "http://www.farnell.com/datasheets/2117900.pdf"; VariantName = "[No Variations]"
Add component (AddParameter): Name = "Dielectric"; Value = "X5R"; VariantName = "[No Variations]"
Add component (AddParameter): Name = "IRNAS Part No."; Value = "/"; VariantName = "[No Variations]"
Add component (AddParameter): Name = "Manufacturer"; Value = "Multicomp"; VariantName = "[No Variations]"
Add component (AddParameter): Name = "Manufacturer Part Number"; Value = "MC0402X104J160CT"; VariantName = "[No Variations]"
Add component (AddParameter): Name = "Max Operating Temperature"; Value = "85°C"; VariantName = "[No Variations]"
Add component (AddParameter): Name = "Min Operating Temperature"; Value = "-55°C"; VariantName = "[No Variations]"
Add component (AddParameter): Name = "Packaging"; Value = "Tape and Reel"; VariantName = "[No Variations]"
Add component (AddParameter): Name = "Pricing 1"; Value = "10=0.0139, 100=0.0108, 500=0.0076, 2500=0.0051, 5000=0.0038 (EUR)"; VariantName = "[No Variations]"
Add component (AddParameter): Name = "REACH SVHC"; Value = "No SVHC"; VariantName = "[No Variations]"
Add component (AddParameter): Name = "Stock 1"; Value = "3230"; VariantName = "[No Variations]"
Add component (AddParameter): Name = "Supplier 1"; Value = "Farnell"; VariantName = "[No Variations]"
Add component (AddParameter): Name = "Supplier Part Number 1"; Value = "2627419"; VariantName = "[No Variations]"
Add component (AddParameter): Name = "Tolerance"; Value = "5%"; VariantName = "[No Variations]"
Add component (AddParameter): Name = "Voltage Rating"; Value = "16V"; VariantName = "[No Variations]"
Add component (AddParameter): Name = "Voltage Rating (DC)"; Value = "16V"; VariantName = "[No Variations]"
Added Component: Designator=CON1(TC2030-IDC-NL)
Add component. Clean all parameters for all variants
Added Component: Designator=TP1(TestPoint:1.2x1.2mm)
Add component. Clean all parameters for all variants
Add component (AddParameter): Name = "Author"; Value = ""; VariantName = "[No Variations]"
Add component (AddParameter): Name = "ComponentLink1Description"; Value = "Datasheet"; VariantName = "[No Variations]"
Add component (AddParameter): Name = "ComponentLink1URL"; Value = ""; VariantName = "[No Variations]"
Add component (AddParameter): Name = "Date"; Value = ""; VariantName = "[No Variations]"
Add component (AddParameter): Name = "ELRAD Id sifra / ELRAD Id No"; Value = ""; VariantName = "[No Variations]"
Add component (AddParameter): Name = "FIT"; Value = "0.94"; VariantName = "[No Variations]"
Add component (AddParameter): Name = "Komp / Device"; Value = "SMD"; VariantName = "[No Variations]"
Add component (AddParameter): Name = "Manufacturer No"; Value = ""; VariantName = "[No Variations]"
Add component (AddParameter): Name = "Opis / Description"; Value = ""; VariantName = "[No Variations]"
Add component (AddParameter): Name = "Opomba / Remark"; Value = ""; VariantName = "[No Variations]"
Add component (AddParameter): Name = "Toleranca / Tolerance"; Value = ""; VariantName = "[No Variations]"
Add component (AddParameter): Name = "Value"; Value = ""; VariantName = "[No Variations]"
Add component (AddParameter): Name = "Velikost / Size"; Value = ""; VariantName = "[No Variations]"
Added Component: Designator=U10(LGA-12)
Add component. Clean all parameters for all variants
Add component (AddParameter): Name = "Case/Package"; Value = "QFN"; VariantName = "[No Variations]"
Add component (AddParameter): Name = "ComponentLink1Description"; Value = "Datasheet"; VariantName = "[No Variations]"
Add component (AddParameter): Name = "ComponentLink1URL"; Value = "D:\altium\Altium_Library\Active\Datasheet\LIS2DW12TR.pdf"; VariantName = "[No Variations]"
Add component (AddParameter): Name = "Height"; Value = "1mm"; VariantName = "[No Variations]"
Add component (AddParameter): Name = "Interface"; Value = "I2C"; VariantName = "[No Variations]"
Add component (AddParameter): Name = "Length"; Value = "3.1mm"; VariantName = "[No Variations]"
Add component (AddParameter): Name = "Manufacturer"; Value = "TDK InvenSense"; VariantName = "[No Variations]"
Add component (AddParameter): Name = "Manufacturer Part Number"; Value = "MPU-9250"; VariantName = "[No Variations]"
Add component (AddParameter): Name = "Max Operating Temperature"; Value = "85°C"; VariantName = "[No Variations]"
Add component (AddParameter): Name = "Max Supply Voltage"; Value = "3.6V"; VariantName = "[No Variations]"
Add component (AddParameter): Name = "Min Operating Temperature"; Value = "-40°C"; VariantName = "[No Variations]"
Add component (AddParameter): Name = "Min Supply Voltage"; Value = "2.4V"; VariantName = "[No Variations]"
Add component (AddParameter): Name = "Mount"; Value = "Surface Mount"; VariantName = "[No Variations]"
Add component (AddParameter): Name = "Number of Pins"; Value = "24"; VariantName = "[No Variations]"
Add component (AddParameter): Name = "Output Type"; Value = "SPI"; VariantName = "[No Variations]"
Add component (AddParameter): Name = "Package Quantity"; Value = "1"; VariantName = "[No Variations]"
Add component (AddParameter): Name = "RoHS"; Value = "Yes"; VariantName = "[No Variations]"
Add component (AddParameter): Name = "Sensor Type"; Value = "Accelerometer"; VariantName = "[No Variations]"
Add component (AddParameter): Name = "Stock 1"; Value = "0"; VariantName = "[No Variations]"
Add component (AddParameter): Name = "Supplier 1"; Value = "Farnell"; VariantName = "[No Variations]"
Add component (AddParameter): Name = "Supplier Part Number 1"; Value = "2849615"; VariantName = "[No Variations]"
Add component (AddParameter): Name = "Width"; Value = "3.1mm"; VariantName = "[No Variations]"
Added Pin To Net: NetName=+2.5V Pin=C5-1
Added Pin To Net: NetName=GND Pin=C5-2
Added Pin To Net: NetName=GND Pin=C6-1
Added Pin To Net: NetName=+2.5V Pin=C6-2
Added Pin To Net: NetName=+2.5V Pin=CON1-1
Added Pin To Net: NetName=SWDIO Pin=CON1-2
Added Pin To Net: NetName=RESET Pin=CON1-3
Added Pin To Net: NetName=SWCLK Pin=CON1-4
Added Pin To Net: NetName=GND Pin=CON1-5
Added Pin To Net: NetName=UART2_TX Pin=CON1-6
Added Pin To Net: NetName=+2.5V Pin=TP1-0
Added Pin To Net: NetName=SCL Pin=U10-1
Added Pin To Net: NetName=SDA Pin=U10-4
Added Pin To Net: NetName=GND Pin=U10-5
Added Pin To Net: NetName=GND Pin=U10-6
Added Pin To Net: NetName=GND Pin=U10-7
Added Pin To Net: NetName=GND Pin=U10-8
Added Pin To Net: NetName=+2.5V Pin=U10-9
Added Pin To Net: NetName=+2.5V Pin=U10-10
Added Pin To Net: NetName=A_INT2 Pin=U10-11
Added Pin To Net: NetName=A_INT1 Pin=U10-12
Added Member To Class: ClassName=SENSORS Member=Component C5 10uF
Added Member To Class: ClassName=SENSORS Member=Component C6 100nF
Added Member To Class: ClassName=MAIN Member=Component CON1 Tag connect
Added Member To Class: ClassName=POWER Member=Component TP1 TestPoint
Added Member To Class: ClassName=SENSORS Member=Component U10 LIS2DW12TR
