Change component parameters: Designator = "T2"; Footprint = "VMT6"; UniqueID = "\UDGYROVE"
Change component parameters. Clean all parameters for all variants
Change component parameters (AddParameter): Name = "Author"; Value = "Ciril Golob"; VariantName = "[No Variations]"
Change component parameters (AddParameter): Name = "ComponentLink1Description"; Value = "Datasheet"; VariantName = "[No Variations]"
Change component parameters (AddParameter ignored because duplicated): Name = "ComponentLINK1Description"; Value = "Datasheet"; VariantName = "[No Variations]"
Change component parameters (AddParameter): Name = "ComponentLink1URL"; Value = "http://www.farnell.com/datasheets/2198041.pdf?_ga=2.191543850.1451481302.1563774341-1373726713.1554121096&_gac=1.95045230.1562763802.CjwKCAjwmZbpBRAGEiwADrmVXm8xT8OHDZvJe8qZIQyyGmIuiUD-TEITatw0hIdDkyBwIXXCH7oneRoCl7cQAvD_BwE"; VariantName = "[No Variations]"
Change component parameters (AddParameter ignored because duplicated): Name = "ComponentLINK1URL"; Value = "c:\ELRADSVN\Altium_Library\Libraries\Active\Datasheet\BSS123.pdf"; VariantName = "[No Variations]"
Change component parameters (AddParameter): Name = "ComponentLINK2Description"; Value = "Datasheet www"; VariantName = "[No Variations]"
Change component parameters (AddParameter): Name = "ComponentLINK2URL"; Value = "http://www.onsemi.com/pub/Collateral/BSS123-D.PDF"; VariantName = "[No Variations]"
Change component parameters (AddParameter): Name = "Date"; Value = "11.07.2018"; VariantName = "[No Variations]"
Change component parameters (AddParameter): Name = "ELRAD Id sifra / ELRAD Id No"; Value = "597778"; VariantName = "[No Variations]"
Change component parameters (AddParameter): Name = "FIT"; Value = "0.44"; VariantName = "[No Variations]"
Change component parameters (AddParameter): Name = "Komp / Device"; Value = "SMD"; VariantName = "[No Variations]"
Change component parameters (AddParameter): Name = "Manufacturer Part Number"; Value = "VT6M1T2CR"; VariantName = "[No Variations]"
Change component parameters (AddParameter): Name = "Opis / Description"; Value = "MOSFET BSS123       /N-Channel"; VariantName = "[No Variations]"
Change component parameters (AddParameter): Name = "Opomba / Remark"; Value = ""; VariantName = "[No Variations]"
Change component parameters (AddParameter): Name = "Supplier 1"; Value = "Farnell"; VariantName = "[No Variations]"
Change component parameters (AddParameter): Name = "Supplier Part Number 1"; Value = "2706721"; VariantName = "[No Variations]"
Change component parameters (AddParameter): Name = "Toleranca / Tolerance"; Value = ""; VariantName = "[No Variations]"
Change component parameters (AddParameter): Name = "Value"; Value = "BSS123"; VariantName = "[No Variations]"
Change component parameters (AddParameter): Name = "Velikost / Size"; Value = "SOT23"; VariantName = "[No Variations]"
Change component parameters: Designator = "T3"; Footprint = "VMT6"; UniqueID = "\POUPMBIJ\MVVZFRLG"
Change component parameters. Clean all parameters for all variants
Change component parameters (AddParameter): Name = "Author"; Value = "Ciril Golob"; VariantName = "[No Variations]"
Change component parameters (AddParameter): Name = "ComponentLink1Description"; Value = "Datasheet"; VariantName = "[No Variations]"
Change component parameters (AddParameter ignored because duplicated): Name = "ComponentLINK1Description"; Value = "Datasheet"; VariantName = "[No Variations]"
Change component parameters (AddParameter): Name = "ComponentLink1URL"; Value = "http://www.farnell.com/datasheets/2198041.pdf?_ga=2.191543850.1451481302.1563774341-1373726713.1554121096&_gac=1.95045230.1562763802.CjwKCAjwmZbpBRAGEiwADrmVXm8xT8OHDZvJe8qZIQyyGmIuiUD-TEITatw0hIdDkyBwIXXCH7oneRoCl7cQAvD_BwE"; VariantName = "[No Variations]"
Change component parameters (AddParameter ignored because duplicated): Name = "ComponentLINK1URL"; Value = "c:\ELRADSVN\Altium_Library\Libraries\Active\Datasheet\BSS123.pdf"; VariantName = "[No Variations]"
Change component parameters (AddParameter): Name = "ComponentLINK2Description"; Value = "Datasheet www"; VariantName = "[No Variations]"
Change component parameters (AddParameter): Name = "ComponentLINK2URL"; Value = "http://www.onsemi.com/pub/Collateral/BSS123-D.PDF"; VariantName = "[No Variations]"
Change component parameters (AddParameter): Name = "Date"; Value = "11.07.2018"; VariantName = "[No Variations]"
Change component parameters (AddParameter): Name = "ELRAD Id sifra / ELRAD Id No"; Value = "597778"; VariantName = "[No Variations]"
Change component parameters (AddParameter): Name = "FIT"; Value = "0.44"; VariantName = "[No Variations]"
Change component parameters (AddParameter): Name = "Komp / Device"; Value = "SMD"; VariantName = "[No Variations]"
Change component parameters (AddParameter): Name = "Manufacturer Part Number"; Value = "VT6M1T2CR"; VariantName = "[No Variations]"
Change component parameters (AddParameter): Name = "Opis / Description"; Value = "MOSFET BSS123       /N-Channel"; VariantName = "[No Variations]"
Change component parameters (AddParameter): Name = "Opomba / Remark"; Value = ""; VariantName = "[No Variations]"
Change component parameters (AddParameter): Name = "Supplier 1"; Value = "Farnell"; VariantName = "[No Variations]"
Change component parameters (AddParameter): Name = "Supplier Part Number 1"; Value = "2706721"; VariantName = "[No Variations]"
Change component parameters (AddParameter): Name = "Toleranca / Tolerance"; Value = ""; VariantName = "[No Variations]"
Change component parameters (AddParameter): Name = "Value"; Value = "BSS123"; VariantName = "[No Variations]"
Change component parameters (AddParameter): Name = "Velikost / Size"; Value = "SOT23"; VariantName = "[No Variations]"
Change component parameters: Designator = "T4"; Footprint = "SOT23-3AL"; UniqueID = "\UYMNCRWJ\GENNHTQI"
Change component parameters. Clean all parameters for all variants
Change component parameters (AddParameter): Name = "Author"; Value = "Ciril Golob"; VariantName = "[No Variations]"
Change component parameters (AddParameter): Name = "ComponentLINK1Description"; Value = "Datasheet"; VariantName = "[No Variations]"
Change component parameters (AddParameter ignored because duplicated): Name = "ComponentLink1Description"; Value = "Datasheet"; VariantName = "[No Variations]"
Change component parameters (AddParameter): Name = "ComponentLINK1URL"; Value = "c:\ELRADSVN\Altium_Library\Libraries\Active\Datasheet\BSS123.pdf"; VariantName = "[No Variations]"
Change component parameters (AddParameter ignored because duplicated): Name = "ComponentLink1URL"; Value = "http://www.farnell.com/datasheets/2814387.pdf?_ga=2.180867175.1196948029.1566195061-1373726713.1554121096&_gac=1.87830250.1562763802.CjwKCAjwmZbpBRAGEiwADrmVXm8xT8OHDZvJe8qZIQyyGmIuiUD-TEITatw0hIdDkyBwIXXCH7oneRoCl7cQAvD_BwE"; VariantName = "[No Variations]"
Change component parameters (AddParameter): Name = "ComponentLINK2Description"; Value = "Datasheet www"; VariantName = "[No Variations]"
Change component parameters (AddParameter): Name = "ComponentLINK2URL"; Value = "http://www.onsemi.com/pub/Collateral/BSS123-D.PDF"; VariantName = "[No Variations]"
Change component parameters (AddParameter): Name = "Date"; Value = "11.07.2018"; VariantName = "[No Variations]"
Change component parameters (AddParameter): Name = "ELRAD Id sifra / ELRAD Id No"; Value = "597778"; VariantName = "[No Variations]"
Change component parameters (AddParameter): Name = "FIT"; Value = "0.44"; VariantName = "[No Variations]"
Change component parameters (AddParameter): Name = "Komp / Device"; Value = "SMD"; VariantName = "[No Variations]"
Change component parameters (AddParameter): Name = "Manufacturer Part Number"; Value = "DMG2302UK-7"; VariantName = "[No Variations]"
Change component parameters (AddParameter): Name = "Opis / Description"; Value = "MOSFET BSS123       /N-Channel"; VariantName = "[No Variations]"
Change component parameters (AddParameter): Name = "Opomba / Remark"; Value = ""; VariantName = "[No Variations]"
Change component parameters (AddParameter): Name = "Supplier 1"; Value = "Farnell"; VariantName = "[No Variations]"
Change component parameters (AddParameter): Name = "Supplier Part Number 1"; Value = "3127315"; VariantName = "[No Variations]"
Change component parameters (AddParameter): Name = "Toleranca / Tolerance"; Value = ""; VariantName = "[No Variations]"
Change component parameters (AddParameter): Name = "Value"; Value = "BSS123"; VariantName = "[No Variations]"
Change component parameters (AddParameter): Name = "Velikost / Size"; Value = "SOT23"; VariantName = "[No Variations]"
Change component parameters: Designator = "T5"; Footprint = "SOT23-3AL"; UniqueID = "\UYMNCRWJ\KVGIZMGH"
Change component parameters. Clean all parameters for all variants
Change component parameters (AddParameter): Name = "Author"; Value = "Ciril Golob"; VariantName = "[No Variations]"
Change component parameters (AddParameter): Name = "ComponentLINK1Description"; Value = "Datasheet"; VariantName = "[No Variations]"
Change component parameters (AddParameter ignored because duplicated): Name = "ComponentLink1Description"; Value = "Datasheet"; VariantName = "[No Variations]"
Change component parameters (AddParameter): Name = "ComponentLINK1URL"; Value = "c:\ELRADSVN\Altium_Library\Libraries\Active\Datasheet\BSS123.pdf"; VariantName = "[No Variations]"
Change component parameters (AddParameter ignored because duplicated): Name = "ComponentLink1URL"; Value = "http://www.farnell.com/datasheets/2148574.pdf?_ga=2.241812546.1501170171.1569221802-1373726713.1554121096&_gac=1.51911131.1567774175.Cj0KCQjwh8jrBRDQARIsAH7BsXewc7Dwr4vpljjl78IYTw8YgbCKKX8PqbiwpEZSRALCWSJq0A6KVZoaAvm4EALw_wcB"; VariantName = "[No Variations]"
Change component parameters (AddParameter): Name = "ComponentLINK2Description"; Value = "Datasheet www"; VariantName = "[No Variations]"
Change component parameters (AddParameter): Name = "ComponentLINK2URL"; Value = "http://www.onsemi.com/pub/Collateral/BSS123-D.PDF"; VariantName = "[No Variations]"
Change component parameters (AddParameter): Name = "Date"; Value = "11.07.2018"; VariantName = "[No Variations]"
Change component parameters (AddParameter): Name = "ELRAD Id sifra / ELRAD Id No"; Value = "597778"; VariantName = "[No Variations]"
Change component parameters (AddParameter): Name = "FIT"; Value = "0.44"; VariantName = "[No Variations]"
Change component parameters (AddParameter): Name = "Komp / Device"; Value = "SMD"; VariantName = "[No Variations]"
Change component parameters (AddParameter): Name = "Manufacturer Part Number"; Value = "SI2374DS-T1-GE3"; VariantName = "[No Variations]"
Change component parameters (AddParameter): Name = "Opis / Description"; Value = "MOSFET BSS123       /N-Channel"; VariantName = "[No Variations]"
Change component parameters (AddParameter): Name = "Opomba / Remark"; Value = ""; VariantName = "[No Variations]"
Change component parameters (AddParameter): Name = "Supplier 1"; Value = "Farnell"; VariantName = "[No Variations]"
Change component parameters (AddParameter): Name = "Supplier Part Number 1"; Value = "2646371"; VariantName = "[No Variations]"
Change component parameters (AddParameter): Name = "Toleranca / Tolerance"; Value = ""; VariantName = "[No Variations]"
Change component parameters (AddParameter): Name = "Value"; Value = "BSS123"; VariantName = "[No Variations]"
Change component parameters (AddParameter): Name = "Velikost / Size"; Value = "SOT23"; VariantName = "[No Variations]"
Change component parameters: Designator = "T6"; Footprint = "SOT23-3AL"; UniqueID = "\UYMNCRWJ\ZECBJRNH"
Change component parameters. Clean all parameters for all variants
Change component parameters (AddParameter): Name = "Author"; Value = "Ciril Golob"; VariantName = "[No Variations]"
Change component parameters (AddParameter): Name = "ComponentLINK1Description"; Value = "Datasheet"; VariantName = "[No Variations]"
Change component parameters (AddParameter ignored because duplicated): Name = "ComponentLink1Description"; Value = "Datasheet"; VariantName = "[No Variations]"
Change component parameters (AddParameter): Name = "ComponentLINK1URL"; Value = "c:\ELRADSVN\Altium_Library\Libraries\Active\Datasheet\BSS123.pdf"; VariantName = "[No Variations]"
Change component parameters (AddParameter ignored because duplicated): Name = "ComponentLink1URL"; Value = "http://www.farnell.com/datasheets/2148574.pdf?_ga=2.241812546.1501170171.1569221802-1373726713.1554121096&_gac=1.51911131.1567774175.Cj0KCQjwh8jrBRDQARIsAH7BsXewc7Dwr4vpljjl78IYTw8YgbCKKX8PqbiwpEZSRALCWSJq0A6KVZoaAvm4EALw_wcB"; VariantName = "[No Variations]"
Change component parameters (AddParameter): Name = "ComponentLINK2Description"; Value = "Datasheet www"; VariantName = "[No Variations]"
Change component parameters (AddParameter): Name = "ComponentLINK2URL"; Value = "http://www.onsemi.com/pub/Collateral/BSS123-D.PDF"; VariantName = "[No Variations]"
Change component parameters (AddParameter): Name = "Date"; Value = "11.07.2018"; VariantName = "[No Variations]"
Change component parameters (AddParameter): Name = "ELRAD Id sifra / ELRAD Id No"; Value = "597778"; VariantName = "[No Variations]"
Change component parameters (AddParameter): Name = "FIT"; Value = "0.44"; VariantName = "[No Variations]"
Change component parameters (AddParameter): Name = "Komp / Device"; Value = "SMD"; VariantName = "[No Variations]"
Change component parameters (AddParameter): Name = "Manufacturer Part Number"; Value = "SI2374DS-T1-GE3"; VariantName = "[No Variations]"
Change component parameters (AddParameter): Name = "Opis / Description"; Value = "MOSFET BSS123       /N-Channel"; VariantName = "[No Variations]"
Change component parameters (AddParameter): Name = "Opomba / Remark"; Value = ""; VariantName = "[No Variations]"
Change component parameters (AddParameter): Name = "Supplier 1"; Value = "Farnell"; VariantName = "[No Variations]"
Change component parameters (AddParameter): Name = "Supplier Part Number 1"; Value = "2646371"; VariantName = "[No Variations]"
Change component parameters (AddParameter): Name = "Toleranca / Tolerance"; Value = ""; VariantName = "[No Variations]"
Change component parameters (AddParameter): Name = "Value"; Value = "BSS123"; VariantName = "[No Variations]"
Change component parameters (AddParameter): Name = "Velikost / Size"; Value = "SOT23"; VariantName = "[No Variations]"
Added Component: Designator=C7(CAP0402)
Add component. Clean all parameters for all variants
Add component (AddParameter): Name = "Capacitance"; Value = "4.7nF"; VariantName = "[No Variations]"
Add component (AddParameter): Name = "Case/Package"; Value = "0402"; VariantName = "[No Variations]"
Add component (AddParameter): Name = "Case Code (Imperial)"; Value = "0402"; VariantName = "[No Variations]"
Add component (AddParameter): Name = "Case Code (Metric)"; Value = "1005"; VariantName = "[No Variations]"
Add component (AddParameter): Name = "ComponentLink1Description"; Value = "https://datasheet.ciiva.com/7747/40889-7747549.pdf"; VariantName = "[No Variations]"
Add component (AddParameter): Name = "ComponentLink1URL"; Value = "https://datasheet.ciiva.com/7747/40889-7747549.pdf"; VariantName = "[No Variations]"
Add component (AddParameter): Name = "ComponentLink2Description"; Value = "https://datasheet.ciiva.com/7747/40889-7747550.pdf"; VariantName = "[No Variations]"
Add component (AddParameter): Name = "ComponentLink2URL"; Value = "https://datasheet.ciiva.com/7747/40889-7747550.pdf"; VariantName = "[No Variations]"
Add component (AddParameter): Name = "ComponentLink3Description"; Value = "https://datasheet.ciiva.com/14604/70095383-14604382.pdf"; VariantName = "[No Variations]"
Add component (AddParameter): Name = "ComponentLink3URL"; Value = "https://datasheet.ciiva.com/14604/70095383-14604382.pdf"; VariantName = "[No Variations]"
Add component (AddParameter): Name = "ComponentLink4Description"; Value = "https://datasheet.ciiva.com/6074/kem-c1002-x7r-smd-6074645.pdf"; VariantName = "[No Variations]"
Add component (AddParameter): Name = "ComponentLink4URL"; Value = "https://datasheet.ciiva.com/6074/kem-c1002-x7r-smd-6074645.pdf"; VariantName = "[No Variations]"
Add component (AddParameter): Name = "ComponentLink5Description"; Value = "https://datasheet.ciiva.com/14602/70095383-14602057.pdf"; VariantName = "[No Variations]"
Add component (AddParameter): Name = "ComponentLink5URL"; Value = "https://datasheet.ciiva.com/14602/70095383-14602057.pdf"; VariantName = "[No Variations]"
Add component (AddParameter): Name = "ComponentLink6Description"; Value = "https://datasheet.ciiva.com/18102/getdatasheetpartid-63228-18102058.pdf"; VariantName = "[No Variations]"
Add component (AddParameter): Name = "ComponentLink6URL"; Value = "https://datasheet.ciiva.com/18102/getdatasheetpartid-63228-18102058.pdf"; VariantName = "[No Variations]"
Add component (AddParameter): Name = "Depth"; Value = "0.5mm"; VariantName = "[No Variations]"
Add component (AddParameter): Name = "Dielectric"; Value = "X7R"; VariantName = "[No Variations]"
Add component (AddParameter): Name = "Dielectric Material"; Value = "Ceramic"; VariantName = "[No Variations]"
Add component (AddParameter): Name = "Height"; Value = "0.5mm"; VariantName = "[No Variations]"
Add component (AddParameter): Name = "IRNAS Part No."; Value = "/"; VariantName = "[No Variations]"
Add component (AddParameter): Name = "Lead Pitch"; Value = "0.3mm"; VariantName = "[No Variations]"
Add component (AddParameter): Name = "Length"; Value = "1mm"; VariantName = "[No Variations]"
Add component (AddParameter): Name = "Manufacturer"; Value = "KEMET"; VariantName = "[No Variations]"
Add component (AddParameter): Name = "Manufacturer Part Number"; Value = "C0402C472K5RAC-TU"; VariantName = "[No Variations]"
Add component (AddParameter): Name = "Max Operating Temperature"; Value = "125°C"; VariantName = "[No Variations]"
Add component (AddParameter): Name = "Min Operating Temperature"; Value = "-55°C"; VariantName = "[No Variations]"
Add component (AddParameter): Name = "Mount"; Value = "Surface Mount,PCB"; VariantName = "[No Variations]"
Add component (AddParameter): Name = "Number of Pins"; Value = "2"; VariantName = "[No Variations]"
Add component (AddParameter): Name = "Package Quantity"; Value = "1"; VariantName = "[No Variations]"
Add component (AddParameter): Name = "Packaging"; Value = "Tape and Reel"; VariantName = "[No Variations]"
Add component (AddParameter): Name = "Pricing 1"; Value = "10=0.0321, 100=0.0144, 500=0.0081, 2500=0.0057, 5000=0.0048 (EUR)"; VariantName = "[No Variations]"
Add component (AddParameter): Name = "Radiation Hardening"; Value = "No"; VariantName = "[No Variations]"
Add component (AddParameter): Name = "REACH SVHC"; Value = "No SVHC"; VariantName = "[No Variations]"
Add component (AddParameter): Name = "Stock 1"; Value = "98953"; VariantName = "[No Variations]"
Add component (AddParameter): Name = "Supplier 1"; Value = "Farnell"; VariantName = "[No Variations]"
Add component (AddParameter): Name = "Supplier Part Number 1"; Value = "1758931"; VariantName = "[No Variations]"
Add component (AddParameter): Name = "Termination"; Value = "SMD/SMT"; VariantName = "[No Variations]"
Add component (AddParameter): Name = "Thickness"; Value = "0.022inch"; VariantName = "[No Variations]"
Add component (AddParameter): Name = "Tolerance"; Value = "10%"; VariantName = "[No Variations]"
Add component (AddParameter): Name = "Voltage"; Value = "50V"; VariantName = "[No Variations]"
Add component (AddParameter): Name = "Voltage Rating"; Value = "50V"; VariantName = "[No Variations]"
Add component (AddParameter): Name = "Voltage Rating (DC)"; Value = "50V"; VariantName = "[No Variations]"
Add component (AddParameter): Name = "Width"; Value = "0.02inch"; VariantName = "[No Variations]"
Added Component: Designator=CON1(TC2030-IDC-NL)
Add component. Clean all parameters for all variants
Added Component: Designator=TP1(TestPoint:1.2x1.2mm)
Add component. Clean all parameters for all variants
Add component (AddParameter): Name = "Author"; Value = ""; VariantName = "[No Variations]"
Add component (AddParameter): Name = "ComponentLink1Description"; Value = "Datasheet"; VariantName = "[No Variations]"
Add component (AddParameter): Name = "ComponentLink1URL"; Value = ""; VariantName = "[No Variations]"
Add component (AddParameter): Name = "Date"; Value = ""; VariantName = "[No Variations]"
Add component (AddParameter): Name = "ELRAD Id sifra / ELRAD Id No"; Value = ""; VariantName = "[No Variations]"
Add component (AddParameter): Name = "FIT"; Value = "0.94"; VariantName = "[No Variations]"
Add component (AddParameter): Name = "Komp / Device"; Value = "SMD"; VariantName = "[No Variations]"
Add component (AddParameter): Name = "Manufacturer No"; Value = ""; VariantName = "[No Variations]"
Add component (AddParameter): Name = "Opis / Description"; Value = ""; VariantName = "[No Variations]"
Add component (AddParameter): Name = "Opomba / Remark"; Value = ""; VariantName = "[No Variations]"
Add component (AddParameter): Name = "Toleranca / Tolerance"; Value = ""; VariantName = "[No Variations]"
Add component (AddParameter): Name = "Value"; Value = ""; VariantName = "[No Variations]"
Add component (AddParameter): Name = "Velikost / Size"; Value = ""; VariantName = "[No Variations]"
Add component (AddParameter): Name = "Author"; Value = ""; VariantName = "BOM"
Add component (AddParameter): Name = "ComponentLink1Description"; Value = "Datasheet"; VariantName = "BOM"
Add component (AddParameter): Name = "ComponentLink1URL"; Value = ""; VariantName = "BOM"
Add component (AddParameter): Name = "Date"; Value = ""; VariantName = "BOM"
Add component (AddParameter): Name = "ELRAD Id sifra / ELRAD Id No"; Value = ""; VariantName = "BOM"
Add component (AddParameter): Name = "FIT"; Value = "0.94"; VariantName = "BOM"
Add component (AddParameter): Name = "Komp / Device"; Value = "SMD"; VariantName = "BOM"
Add component (AddParameter): Name = "Manufacturer No"; Value = ""; VariantName = "BOM"
Add component (AddParameter): Name = "Opis / Description"; Value = ""; VariantName = "BOM"
Add component (AddParameter): Name = "Opomba / Remark"; Value = ""; VariantName = "BOM"
Add component (AddParameter): Name = "Toleranca / Tolerance"; Value = ""; VariantName = "BOM"
Add component (AddParameter): Name = "Value"; Value = ""; VariantName = "BOM"
Add component (AddParameter): Name = "Velikost / Size"; Value = ""; VariantName = "BOM"
Added Pin To Net: NetName=GND Pin=C7-1
Added Pin To Net: NetName=NetA2_1 Pin=C7-2
Added Pin To Net: NetName=+2.5V Pin=CON1-1
Added Pin To Net: NetName=SWDIO Pin=CON1-2
Added Pin To Net: NetName=RESET Pin=CON1-3
Added Pin To Net: NetName=SWCLK Pin=CON1-4
Added Pin To Net: NetName=GND Pin=CON1-5
Added Pin To Net: NetName=UART2_TX Pin=CON1-6
Added Pin To Net: NetName=+2.5V Pin=TP1-0
Added Member To Class: ClassName=MAIN Member=Component C7 3.9pF
Added Member To Class: ClassName=MAIN Member=Component CON1 Tag connect
Added Member To Class: ClassName=POWER Member=Component TP1 TestPoint
