Change component parameters: Designator = "T2"; Footprint = "VMT6"; UniqueID = "\UDGYROVE"
Change component parameters. Clean all parameters for all variants
Change component parameters (AddParameter): Name = "Author"; Value = "Ciril Golob"; VariantName = "[No Variations]"
Change component parameters (AddParameter): Name = "ComponentLink1Description"; Value = "Datasheet"; VariantName = "[No Variations]"
Change component parameters (AddParameter ignored because duplicated): Name = "ComponentLINK1Description"; Value = "Datasheet"; VariantName = "[No Variations]"
Change component parameters (AddParameter): Name = "ComponentLink1URL"; Value = "http://www.farnell.com/datasheets/2198041.pdf?_ga=2.191543850.1451481302.1563774341-1373726713.1554121096&_gac=1.95045230.1562763802.CjwKCAjwmZbpBRAGEiwADrmVXm8xT8OHDZvJe8qZIQyyGmIuiUD-TEITatw0hIdDkyBwIXXCH7oneRoCl7cQAvD_BwE"; VariantName = "[No Variations]"
Change component parameters (AddParameter ignored because duplicated): Name = "ComponentLINK1URL"; Value = "c:\ELRADSVN\Altium_Library\Libraries\Active\Datasheet\BSS123.pdf"; VariantName = "[No Variations]"
Change component parameters (AddParameter): Name = "ComponentLINK2Description"; Value = "Datasheet www"; VariantName = "[No Variations]"
Change component parameters (AddParameter): Name = "ComponentLINK2URL"; Value = "http://www.onsemi.com/pub/Collateral/BSS123-D.PDF"; VariantName = "[No Variations]"
Change component parameters (AddParameter): Name = "Date"; Value = "11.07.2018"; VariantName = "[No Variations]"
Change component parameters (AddParameter): Name = "ELRAD Id sifra / ELRAD Id No"; Value = "597778"; VariantName = "[No Variations]"
Change component parameters (AddParameter): Name = "FIT"; Value = "0.44"; VariantName = "[No Variations]"
Change component parameters (AddParameter): Name = "Komp / Device"; Value = "SMD"; VariantName = "[No Variations]"
Change component parameters (AddParameter): Name = "Manufacturer No"; Value = ""; VariantName = "[No Variations]"
Change component parameters (AddParameter): Name = "Opis / Description"; Value = "MOSFET BSS123       /N-Channel"; VariantName = "[No Variations]"
Change component parameters (AddParameter): Name = "Opomba / Remark"; Value = ""; VariantName = "[No Variations]"
Change component parameters (AddParameter): Name = "Supplier 1"; Value = "Farnell"; VariantName = "[No Variations]"
Change component parameters (AddParameter): Name = "Supplier Part Number 1"; Value = "2706721"; VariantName = "[No Variations]"
Change component parameters (AddParameter): Name = "Toleranca / Tolerance"; Value = ""; VariantName = "[No Variations]"
Change component parameters (AddParameter): Name = "Value"; Value = "BSS123"; VariantName = "[No Variations]"
Change component parameters (AddParameter): Name = "Velikost / Size"; Value = "SOT23"; VariantName = "[No Variations]"
Change component parameters: Designator = "T3"; Footprint = "VMT6"; UniqueID = "\POUPMBIJ\MVVZFRLG"
Change component parameters. Clean all parameters for all variants
Change component parameters (AddParameter): Name = "Author"; Value = "Ciril Golob"; VariantName = "[No Variations]"
Change component parameters (AddParameter): Name = "ComponentLink1Description"; Value = "Datasheet"; VariantName = "[No Variations]"
Change component parameters (AddParameter ignored because duplicated): Name = "ComponentLINK1Description"; Value = "Datasheet"; VariantName = "[No Variations]"
Change component parameters (AddParameter): Name = "ComponentLink1URL"; Value = "http://www.farnell.com/datasheets/2198041.pdf?_ga=2.191543850.1451481302.1563774341-1373726713.1554121096&_gac=1.95045230.1562763802.CjwKCAjwmZbpBRAGEiwADrmVXm8xT8OHDZvJe8qZIQyyGmIuiUD-TEITatw0hIdDkyBwIXXCH7oneRoCl7cQAvD_BwE"; VariantName = "[No Variations]"
Change component parameters (AddParameter ignored because duplicated): Name = "ComponentLINK1URL"; Value = "c:\ELRADSVN\Altium_Library\Libraries\Active\Datasheet\BSS123.pdf"; VariantName = "[No Variations]"
Change component parameters (AddParameter): Name = "ComponentLINK2Description"; Value = "Datasheet www"; VariantName = "[No Variations]"
Change component parameters (AddParameter): Name = "ComponentLINK2URL"; Value = "http://www.onsemi.com/pub/Collateral/BSS123-D.PDF"; VariantName = "[No Variations]"
Change component parameters (AddParameter): Name = "Date"; Value = "11.07.2018"; VariantName = "[No Variations]"
Change component parameters (AddParameter): Name = "ELRAD Id sifra / ELRAD Id No"; Value = "597778"; VariantName = "[No Variations]"
Change component parameters (AddParameter): Name = "FIT"; Value = "0.44"; VariantName = "[No Variations]"
Change component parameters (AddParameter): Name = "Komp / Device"; Value = "SMD"; VariantName = "[No Variations]"
Change component parameters (AddParameter): Name = "Manufacturer No"; Value = ""; VariantName = "[No Variations]"
Change component parameters (AddParameter): Name = "Opis / Description"; Value = "MOSFET BSS123       /N-Channel"; VariantName = "[No Variations]"
Change component parameters (AddParameter): Name = "Opomba / Remark"; Value = ""; VariantName = "[No Variations]"
Change component parameters (AddParameter): Name = "Supplier 1"; Value = "Farnell"; VariantName = "[No Variations]"
Change component parameters (AddParameter): Name = "Supplier Part Number 1"; Value = "2706721"; VariantName = "[No Variations]"
Change component parameters (AddParameter): Name = "Toleranca / Tolerance"; Value = ""; VariantName = "[No Variations]"
Change component parameters (AddParameter): Name = "Value"; Value = "BSS123"; VariantName = "[No Variations]"
Change component parameters (AddParameter): Name = "Velikost / Size"; Value = "SOT23"; VariantName = "[No Variations]"
Change component parameters: Designator = "T4"; Footprint = "SOT23-3AL"; UniqueID = "\UYMNCRWJ\GENNHTQI"
Change component parameters. Clean all parameters for all variants
Change component parameters (AddParameter): Name = "Author"; Value = "Ciril Golob"; VariantName = "[No Variations]"
Change component parameters (AddParameter): Name = "ComponentLINK1Description"; Value = "Datasheet"; VariantName = "[No Variations]"
Change component parameters (AddParameter ignored because duplicated): Name = "ComponentLink1Description"; Value = "Datasheet"; VariantName = "[No Variations]"
Change component parameters (AddParameter): Name = "ComponentLINK1URL"; Value = "c:\ELRADSVN\Altium_Library\Libraries\Active\Datasheet\BSS123.pdf"; VariantName = "[No Variations]"
Change component parameters (AddParameter ignored because duplicated): Name = "ComponentLink1URL"; Value = "http://www.farnell.com/datasheets/2814387.pdf?_ga=2.180867175.1196948029.1566195061-1373726713.1554121096&_gac=1.87830250.1562763802.CjwKCAjwmZbpBRAGEiwADrmVXm8xT8OHDZvJe8qZIQyyGmIuiUD-TEITatw0hIdDkyBwIXXCH7oneRoCl7cQAvD_BwE"; VariantName = "[No Variations]"
Change component parameters (AddParameter): Name = "ComponentLINK2Description"; Value = "Datasheet www"; VariantName = "[No Variations]"
Change component parameters (AddParameter): Name = "ComponentLINK2URL"; Value = "http://www.onsemi.com/pub/Collateral/BSS123-D.PDF"; VariantName = "[No Variations]"
Change component parameters (AddParameter): Name = "Date"; Value = "11.07.2018"; VariantName = "[No Variations]"
Change component parameters (AddParameter): Name = "ELRAD Id sifra / ELRAD Id No"; Value = "597778"; VariantName = "[No Variations]"
Change component parameters (AddParameter): Name = "FIT"; Value = "0.44"; VariantName = "[No Variations]"
Change component parameters (AddParameter): Name = "Komp / Device"; Value = "SMD"; VariantName = "[No Variations]"
Change component parameters (AddParameter): Name = "Manufacturer No"; Value = ""; VariantName = "[No Variations]"
Change component parameters (AddParameter): Name = "Opis / Description"; Value = "MOSFET BSS123       /N-Channel"; VariantName = "[No Variations]"
Change component parameters (AddParameter): Name = "Opomba / Remark"; Value = ""; VariantName = "[No Variations]"
Change component parameters (AddParameter): Name = "Supplier 1"; Value = "Farnell"; VariantName = "[No Variations]"
Change component parameters (AddParameter): Name = "Supplier Part Number 1"; Value = "3127315"; VariantName = "[No Variations]"
Change component parameters (AddParameter): Name = "Toleranca / Tolerance"; Value = ""; VariantName = "[No Variations]"
Change component parameters (AddParameter): Name = "Value"; Value = "BSS123"; VariantName = "[No Variations]"
Change component parameters (AddParameter): Name = "Velikost / Size"; Value = "SOT23"; VariantName = "[No Variations]"
Change component parameters: Designator = "T5"; Footprint = "SOT23-3AL"; UniqueID = "\UYMNCRWJ\KVGIZMGH"
Change component parameters. Clean all parameters for all variants
Change component parameters (AddParameter): Name = "Author"; Value = "Ciril Golob"; VariantName = "[No Variations]"
Change component parameters (AddParameter): Name = "ComponentLINK1Description"; Value = "Datasheet"; VariantName = "[No Variations]"
Change component parameters (AddParameter ignored because duplicated): Name = "ComponentLink1Description"; Value = "Datasheet"; VariantName = "[No Variations]"
Change component parameters (AddParameter): Name = "ComponentLINK1URL"; Value = "c:\ELRADSVN\Altium_Library\Libraries\Active\Datasheet\BSS123.pdf"; VariantName = "[No Variations]"
Change component parameters (AddParameter ignored because duplicated): Name = "ComponentLink1URL"; Value = "http://www.farnell.com/datasheets/2148574.pdf?_ga=2.241812546.1501170171.1569221802-1373726713.1554121096&_gac=1.51911131.1567774175.Cj0KCQjwh8jrBRDQARIsAH7BsXewc7Dwr4vpljjl78IYTw8YgbCKKX8PqbiwpEZSRALCWSJq0A6KVZoaAvm4EALw_wcB"; VariantName = "[No Variations]"
Change component parameters (AddParameter): Name = "ComponentLINK2Description"; Value = "Datasheet www"; VariantName = "[No Variations]"
Change component parameters (AddParameter): Name = "ComponentLINK2URL"; Value = "http://www.onsemi.com/pub/Collateral/BSS123-D.PDF"; VariantName = "[No Variations]"
Change component parameters (AddParameter): Name = "Date"; Value = "11.07.2018"; VariantName = "[No Variations]"
Change component parameters (AddParameter): Name = "ELRAD Id sifra / ELRAD Id No"; Value = "597778"; VariantName = "[No Variations]"
Change component parameters (AddParameter): Name = "FIT"; Value = "0.44"; VariantName = "[No Variations]"
Change component parameters (AddParameter): Name = "Komp / Device"; Value = "SMD"; VariantName = "[No Variations]"
Change component parameters (AddParameter): Name = "Manufacturer No"; Value = ""; VariantName = "[No Variations]"
Change component parameters (AddParameter): Name = "Opis / Description"; Value = "MOSFET BSS123       /N-Channel"; VariantName = "[No Variations]"
Change component parameters (AddParameter): Name = "Opomba / Remark"; Value = ""; VariantName = "[No Variations]"
Change component parameters (AddParameter): Name = "Supplier 1"; Value = "Farnell"; VariantName = "[No Variations]"
Change component parameters (AddParameter): Name = "Supplier Part Number 1"; Value = "2646371"; VariantName = "[No Variations]"
Change component parameters (AddParameter): Name = "Toleranca / Tolerance"; Value = ""; VariantName = "[No Variations]"
Change component parameters (AddParameter): Name = "Value"; Value = "BSS123"; VariantName = "[No Variations]"
Change component parameters (AddParameter): Name = "Velikost / Size"; Value = "SOT23"; VariantName = "[No Variations]"
Change component parameters: Designator = "T6"; Footprint = "SOT23-3AL"; UniqueID = "\UYMNCRWJ\ZECBJRNH"
Change component parameters. Clean all parameters for all variants
Change component parameters (AddParameter): Name = "Author"; Value = "Ciril Golob"; VariantName = "[No Variations]"
Change component parameters (AddParameter): Name = "ComponentLINK1Description"; Value = "Datasheet"; VariantName = "[No Variations]"
Change component parameters (AddParameter ignored because duplicated): Name = "ComponentLink1Description"; Value = "Datasheet"; VariantName = "[No Variations]"
Change component parameters (AddParameter): Name = "ComponentLINK1URL"; Value = "c:\ELRADSVN\Altium_Library\Libraries\Active\Datasheet\BSS123.pdf"; VariantName = "[No Variations]"
Change component parameters (AddParameter ignored because duplicated): Name = "ComponentLink1URL"; Value = "http://www.farnell.com/datasheets/2148574.pdf?_ga=2.241812546.1501170171.1569221802-1373726713.1554121096&_gac=1.51911131.1567774175.Cj0KCQjwh8jrBRDQARIsAH7BsXewc7Dwr4vpljjl78IYTw8YgbCKKX8PqbiwpEZSRALCWSJq0A6KVZoaAvm4EALw_wcB"; VariantName = "[No Variations]"
Change component parameters (AddParameter): Name = "ComponentLINK2Description"; Value = "Datasheet www"; VariantName = "[No Variations]"
Change component parameters (AddParameter): Name = "ComponentLINK2URL"; Value = "http://www.onsemi.com/pub/Collateral/BSS123-D.PDF"; VariantName = "[No Variations]"
Change component parameters (AddParameter): Name = "Date"; Value = "11.07.2018"; VariantName = "[No Variations]"
Change component parameters (AddParameter): Name = "ELRAD Id sifra / ELRAD Id No"; Value = "597778"; VariantName = "[No Variations]"
Change component parameters (AddParameter): Name = "FIT"; Value = "0.44"; VariantName = "[No Variations]"
Change component parameters (AddParameter): Name = "Komp / Device"; Value = "SMD"; VariantName = "[No Variations]"
Change component parameters (AddParameter): Name = "Manufacturer No"; Value = ""; VariantName = "[No Variations]"
Change component parameters (AddParameter): Name = "Opis / Description"; Value = "MOSFET BSS123       /N-Channel"; VariantName = "[No Variations]"
Change component parameters (AddParameter): Name = "Opomba / Remark"; Value = ""; VariantName = "[No Variations]"
Change component parameters (AddParameter): Name = "Supplier 1"; Value = "Farnell"; VariantName = "[No Variations]"
Change component parameters (AddParameter): Name = "Supplier Part Number 1"; Value = "2646371"; VariantName = "[No Variations]"
Change component parameters (AddParameter): Name = "Toleranca / Tolerance"; Value = ""; VariantName = "[No Variations]"
Change component parameters (AddParameter): Name = "Value"; Value = "BSS123"; VariantName = "[No Variations]"
Change component parameters (AddParameter): Name = "Velikost / Size"; Value = "SOT23"; VariantName = "[No Variations]"
Added Component: Designator=A2(LORA_PCB_ANTENNA)
Add component. Clean all parameters for all variants
Add component (AddParameter): Name = "Manufacturer"; Value = "Antenova"; VariantName = "[No Variations]"
Add component (AddParameter): Name = "Manufacturer Part Number"; Value = "SR42I010-R"; VariantName = "[No Variations]"
Add component (AddParameter): Name = "Pricing 1"; Value = "1 = 2.36000, 10 = 1.90000, 50 = 1.90000, 100 = 1.52000, 1000 = 1.07000, 10000 = 0.95900 (USD)"; VariantName = "[No Variations]"
Add component (AddParameter): Name = "Stock 1"; Value = "3154"; VariantName = "[No Variations]"
Add component (AddParameter): Name = "Supplier 1"; Value = "Mouser"; VariantName = "[No Variations]"
Add component (AddParameter): Name = "Supplier Part Number 1"; Value = "237-SR42I010-L"; VariantName = "[No Variations]"
Added Component: Designator=A3(LORA_PCB_ANTENNA)
Add component. Clean all parameters for all variants
Add component (AddParameter): Name = "Manufacturer"; Value = "Antenova"; VariantName = "[No Variations]"
Add component (AddParameter): Name = "Manufacturer Part Number"; Value = "SR42I010-R"; VariantName = "[No Variations]"
Add component (AddParameter): Name = "Pricing 1"; Value = "1 = 2.36000, 10 = 1.90000, 50 = 1.90000, 100 = 1.52000, 1000 = 1.07000, 10000 = 0.95900 (USD)"; VariantName = "[No Variations]"
Add component (AddParameter): Name = "Stock 1"; Value = "3154"; VariantName = "[No Variations]"
Add component (AddParameter): Name = "Supplier 1"; Value = "Mouser"; VariantName = "[No Variations]"
Add component (AddParameter): Name = "Supplier Part Number 1"; Value = "237-SR42I010-R"; VariantName = "[No Variations]"
Added Pin To Net: NetName=NetA2_1 Pin=A2-1
Added Pin To Net: NetName=ANT Pin=A2-2
Added Pin To Net: NetName=NetA2_1 Pin=A3-1
Added Pin To Net: NetName=ANT Pin=A3-2
Added Member To Class: ClassName=MAIN Member=Component A2 SR42I010-L
Added Member To Class: ClassName=MAIN Member=Component A3 SR42I010-R
