Change Component Designator: Old Designator=BAT? New Designator=BAT1
Change Component Designator: Old Designator=BAT? New Designator=BAT2
Change Component Designator: Old Designator=C8 New Designator=C18
Change Component Designator: Old Designator=C12 New Designator=C28
Change Component Designator: Old Designator=C13 New Designator=C21
Change Component Designator: Old Designator=C14 New Designator=C22
Change Component Designator: Old Designator=C15 New Designator=C23
Change Component Designator: Old Designator=C16 New Designator=C19
Change Component Designator: Old Designator=C17 New Designator=C20
Change Component Designator: Old Designator=C18 New Designator=C24
Change Component Designator: Old Designator=C21 New Designator=C25
Change Component Designator: Old Designator=C22 New Designator=C26
Change Component Designator: Old Designator=C23 New Designator=C27
Change Component Designator: Old Designator=C? New Designator=C29
Change Component Designator: Old Designator=C? New Designator=C30
Change Component Designator: Old Designator=C? New Designator=C31
Change Component Designator: Old Designator=C? New Designator=C32
Change Component Designator: Old Designator=C? New Designator=C33
Change Component Designator: Old Designator=C? New Designator=C34
Change Component Designator: Old Designator=L4 New Designator=L5
Change Component Designator: Old Designator=R4 New Designator=R23
Change Component Designator: Old Designator=R5 New Designator=R24
Change Component Designator: Old Designator=R12 New Designator=R25
Change Component Designator: Old Designator=R? New Designator=R26
Change Component Designator: Old Designator=U3 New Designator=U7
Change Component Designator: Old Designator=U? New Designator=U8
